<?xml version="1.0" encoding="UTF-8"?>
<testng-results ignored="0" total="104" passed="104" failed="0" skipped="0">
  <reporter-output>
  </reporter-output>
  <suite started-at="2025-10-07T14:59:05 IST" name="Surefire suite" finished-at="2025-10-07T14:59:05 IST" duration-ms="217">
    <groups>
    </groups>
    <test started-at="2025-10-07T14:59:05 IST" name="Surefire test" finished-at="2025-10-07T14:59:05 IST" duration-ms="217">
      <class name="com.city.service.ComplaintServiceTest">
        <test-method is-config="true" signature="setUp()[pri:0, instance:com.city.service.ComplaintServiceTest@7fc229ab]" started-at="2025-10-07T14:59:05 IST" name="setUp" finished-at="2025-10-07T14:59:05 IST" duration-ms="0" status="PASS">
          <reporter-output>
          </reporter-output>
        </test-method> <!-- setUp -->
        <test-method signature="testComplaintIdAutoGeneration()[pri:0, instance:com.city.service.ComplaintServiceTest@7fc229ab]" started-at="2025-10-07T14:59:05 IST" name="testComplaintIdAutoGeneration" finished-at="2025-10-07T14:59:05 IST" duration-ms="0" status="PASS">
          <reporter-output>
          </reporter-output>
        </test-method> <!-- testComplaintIdAutoGeneration -->
        <test-method is-config="true" signature="setUp()[pri:0, instance:com.city.service.ComplaintServiceTest@7fc229ab]" started-at="2025-10-07T14:59:05 IST" name="setUp" finished-at="2025-10-07T14:59:05 IST" duration-ms="1" status="PASS">
          <reporter-output>
          </reporter-output>
        </test-method> <!-- setUp -->
        <test-method signature="testGetComplaintsByPriority()[pri:0, instance:com.city.service.ComplaintServiceTest@7fc229ab]" started-at="2025-10-07T14:59:05 IST" name="testGetComplaintsByPriority" finished-at="2025-10-07T14:59:05 IST" duration-ms="0" status="PASS">
          <reporter-output>
          </reporter-output>
        </test-method> <!-- testGetComplaintsByPriority -->
        <test-method is-config="true" signature="setUp()[pri:0, instance:com.city.service.ComplaintServiceTest@7fc229ab]" started-at="2025-10-07T14:59:05 IST" name="setUp" finished-at="2025-10-07T14:59:05 IST" duration-ms="1" status="PASS">
          <reporter-output>
          </reporter-output>
        </test-method> <!-- setUp -->
        <test-method signature="testGetComplaintsByPriorityWithNullPriority()[pri:0, instance:com.city.service.ComplaintServiceTest@7fc229ab]" started-at="2025-10-07T14:59:05 IST" name="testGetComplaintsByPriorityWithNullPriority" finished-at="2025-10-07T14:59:05 IST" duration-ms="1" status="PASS">
          <exception class="com.city.exception.InvalidInputException">
            <message>
              <![CDATA[Priority cannot be null]]>
            </message>
            <full-stacktrace>
              <![CDATA[com.city.exception.InvalidInputException: Priority cannot be null
at com.city.repository.ComplaintRepository.getComplaintsByPriority(ComplaintRepository.java:86)
at com.city.service.ComplaintService.getComplaintsByPriority(ComplaintService.java:91)
at com.city.service.ComplaintServiceTest.testGetComplaintsByPriorityWithNullPriority(ComplaintServiceTest.java:212)
at java.base/jdk.internal.reflect.DirectMethodHandleAccessor.invoke(DirectMethodHandleAccessor.java:104)
at java.base/java.lang.reflect.Method.invoke(Method.java:565)
at org.testng.internal.invokers.MethodInvocationHelper.invokeMethod(MethodInvocationHelper.java:141)
at org.testng.internal.invokers.TestInvoker.invokeMethod(TestInvoker.java:687)
at org.testng.internal.invokers.TestInvoker.invokeTestMethod(TestInvoker.java:230)
at org.testng.internal.invokers.MethodRunner.runInSequence(MethodRunner.java:63)
at org.testng.internal.invokers.TestInvoker$MethodInvocationAgent.invoke(TestInvoker.java:995)
at org.testng.internal.invokers.TestInvoker.invokeTestMethods(TestInvoker.java:203)
at org.testng.internal.invokers.TestMethodWorker.invokeTestMethods(TestMethodWorker.java:154)
at org.testng.internal.invokers.TestMethodWorker.run(TestMethodWorker.java:134)
at java.base/java.util.ArrayList.forEach(ArrayList.java:1604)
at org.testng.TestRunner.privateRun(TestRunner.java:741)
at org.testng.TestRunner.run(TestRunner.java:616)
at org.testng.SuiteRunner.runTest(SuiteRunner.java:421)
at org.testng.SuiteRunner.runSequentially(SuiteRunner.java:413)
at org.testng.SuiteRunner.privateRun(SuiteRunner.java:373)
at org.testng.SuiteRunner.run(SuiteRunner.java:312)
at org.testng.SuiteRunnerWorker.runSuite(SuiteRunnerWorker.java:52)
at org.testng.SuiteRunnerWorker.run(SuiteRunnerWorker.java:95)
at org.testng.TestNG.runSuitesSequentially(TestNG.java:1274)
at org.testng.TestNG.runSuitesLocally(TestNG.java:1208)
at org.testng.TestNG.runSuites(TestNG.java:1112)
at org.testng.TestNG.run(TestNG.java:1079)
at org.apache.maven.surefire.testng.TestNGExecutor.run(TestNGExecutor.java:155)
at org.apache.maven.surefire.testng.TestNGDirectoryTestSuite.executeMulti(TestNGDirectoryTestSuite.java:169)
at org.apache.maven.surefire.testng.TestNGDirectoryTestSuite.execute(TestNGDirectoryTestSuite.java:88)
at org.apache.maven.surefire.testng.TestNGProvider.invoke(TestNGProvider.java:137)
at org.apache.maven.surefire.booter.ForkedBooter.runSuitesInProcess(ForkedBooter.java:385)
at org.apache.maven.surefire.booter.ForkedBooter.execute(ForkedBooter.java:162)
at org.apache.maven.surefire.booter.ForkedBooter.run(ForkedBooter.java:507)
at org.apache.maven.surefire.booter.ForkedBooter.main(ForkedBooter.java:495)
]]>
            </full-stacktrace>
          </exception> <!-- com.city.exception.InvalidInputException -->
          <reporter-output>
          </reporter-output>
        </test-method> <!-- testGetComplaintsByPriorityWithNullPriority -->
        <test-method is-config="true" signature="setUp()[pri:0, instance:com.city.service.ComplaintServiceTest@7fc229ab]" started-at="2025-10-07T14:59:05 IST" name="setUp" finished-at="2025-10-07T14:59:05 IST" duration-ms="1" status="PASS">
          <reporter-output>
          </reporter-output>
        </test-method> <!-- setUp -->
        <test-method signature="testRegisterComplaint(java.lang.String,com.city.model.Complaint$Category,java.lang.String,com.city.model.Complaint$Priority)[pri:0, instance:com.city.service.ComplaintServiceTest@7fc229ab]" started-at="2025-10-07T14:59:05 IST" name="testRegisterComplaint" data-provider="registerComplaintData" finished-at="2025-10-07T14:59:05 IST" duration-ms="7" status="PASS">
          <params>
            <param index="0">
              <value>
                <![CDATA[C009]]>
              </value>
            </param>
            <param index="1">
              <value>
                <![CDATA[ELECTRICITY]]>
              </value>
            </param>
            <param index="2">
              <value>
                <![CDATA[Flickering lights in building]]>
              </value>
            </param>
            <param index="3">
              <value>
                <![CDATA[LOW]]>
              </value>
            </param>
          </params>
          <reporter-output>
          </reporter-output>
        </test-method> <!-- testRegisterComplaint -->
        <test-method is-config="true" signature="setUp()[pri:0, instance:com.city.service.ComplaintServiceTest@7fc229ab]" started-at="2025-10-07T14:59:05 IST" name="setUp" finished-at="2025-10-07T14:59:05 IST" duration-ms="0" status="PASS">
          <reporter-output>
          </reporter-output>
        </test-method> <!-- setUp -->
        <test-method signature="testRegisterComplaint(java.lang.String,com.city.model.Complaint$Category,java.lang.String,com.city.model.Complaint$Priority)[pri:0, instance:com.city.service.ComplaintServiceTest@7fc229ab]" started-at="2025-10-07T14:59:05 IST" name="testRegisterComplaint" data-provider="registerComplaintData" finished-at="2025-10-07T14:59:05 IST" duration-ms="0" status="PASS">
          <params>
            <param index="0">
              <value>
                <![CDATA[C010]]>
              </value>
            </param>
            <param index="1">
              <value>
                <![CDATA[ROAD]]>
              </value>
            </param>
            <param index="2">
              <value>
                <![CDATA[Cracked pavement causing accidents]]>
              </value>
            </param>
            <param index="3">
              <value>
                <![CDATA[HIGH]]>
              </value>
            </param>
          </params>
          <reporter-output>
          </reporter-output>
        </test-method> <!-- testRegisterComplaint -->
        <test-method signature="testRegisterComplaint(java.lang.String,com.city.model.Complaint$Category,java.lang.String,com.city.model.Complaint$Priority)[pri:0, instance:com.city.service.ComplaintServiceTest@7fc229ab]" started-at="2025-10-07T14:59:05 IST" name="testRegisterComplaint" data-provider="registerComplaintData" finished-at="2025-10-07T14:59:05 IST" duration-ms="0" status="PASS">
          <params>
            <param index="0">
              <value>
                <![CDATA[C011]]>
              </value>
            </param>
            <param index="1">
              <value>
                <![CDATA[WATER]]>
              </value>
            </param>
            <param index="2">
              <value>
                <![CDATA[No water supply since yesterday]]>
              </value>
            </param>
            <param index="3">
              <value>
                <![CDATA[MEDIUM]]>
              </value>
            </param>
          </params>
          <reporter-output>
          </reporter-output>
        </test-method> <!-- testRegisterComplaint -->
        <test-method is-config="true" signature="setUp()[pri:0, instance:com.city.service.ComplaintServiceTest@7fc229ab]" started-at="2025-10-07T14:59:05 IST" name="setUp" finished-at="2025-10-07T14:59:05 IST" duration-ms="0" status="PASS">
          <reporter-output>
          </reporter-output>
        </test-method> <!-- setUp -->
        <test-method is-config="true" signature="setUp()[pri:0, instance:com.city.service.ComplaintServiceTest@7fc229ab]" started-at="2025-10-07T14:59:05 IST" name="setUp" finished-at="2025-10-07T14:59:05 IST" duration-ms="0" status="PASS">
          <reporter-output>
          </reporter-output>
        </test-method> <!-- setUp -->
        <test-method signature="testRegisterComplaint(java.lang.String,com.city.model.Complaint$Category,java.lang.String,com.city.model.Complaint$Priority)[pri:0, instance:com.city.service.ComplaintServiceTest@7fc229ab]" started-at="2025-10-07T14:59:05 IST" name="testRegisterComplaint" data-provider="registerComplaintData" finished-at="2025-10-07T14:59:05 IST" duration-ms="0" status="PASS">
          <params>
            <param index="0">
              <value>
                <![CDATA[C012]]>
              </value>
            </param>
            <param index="1">
              <value>
                <![CDATA[ELECTRICITY]]>
              </value>
            </param>
            <param index="2">
              <value>
                <![CDATA[Electrical wiring exposed on pole]]>
              </value>
            </param>
            <param index="3">
              <value>
                <![CDATA[LOW]]>
              </value>
            </param>
          </params>
          <reporter-output>
          </reporter-output>
        </test-method> <!-- testRegisterComplaint -->
        <test-method signature="testRegisterComplaintWithEmptyCitizenId()[pri:0, instance:com.city.service.ComplaintServiceTest@7fc229ab]" started-at="2025-10-07T14:59:05 IST" name="testRegisterComplaintWithEmptyCitizenId" finished-at="2025-10-07T14:59:05 IST" duration-ms="1" status="PASS">
          <exception class="com.city.exception.InvalidInputException">
            <message>
              <![CDATA[Citizen ID cannot be null or empty]]>
            </message>
            <full-stacktrace>
              <![CDATA[com.city.exception.InvalidInputException: Citizen ID cannot be null or empty
at com.city.service.ComplaintService.registerComplaint(ComplaintService.java:34)
at com.city.service.ComplaintServiceTest.testRegisterComplaintWithEmptyCitizenId(ComplaintServiceTest.java:131)
at java.base/jdk.internal.reflect.DirectMethodHandleAccessor.invoke(DirectMethodHandleAccessor.java:104)
at java.base/java.lang.reflect.Method.invoke(Method.java:565)
at org.testng.internal.invokers.MethodInvocationHelper.invokeMethod(MethodInvocationHelper.java:141)
at org.testng.internal.invokers.TestInvoker.invokeMethod(TestInvoker.java:687)
at org.testng.internal.invokers.TestInvoker.invokeTestMethod(TestInvoker.java:230)
at org.testng.internal.invokers.MethodRunner.runInSequence(MethodRunner.java:63)
at org.testng.internal.invokers.TestInvoker$MethodInvocationAgent.invoke(TestInvoker.java:995)
at org.testng.internal.invokers.TestInvoker.invokeTestMethods(TestInvoker.java:203)
at org.testng.internal.invokers.TestMethodWorker.invokeTestMethods(TestMethodWorker.java:154)
at org.testng.internal.invokers.TestMethodWorker.run(TestMethodWorker.java:134)
at java.base/java.util.ArrayList.forEach(ArrayList.java:1604)
at org.testng.TestRunner.privateRun(TestRunner.java:741)
at org.testng.TestRunner.run(TestRunner.java:616)
at org.testng.SuiteRunner.runTest(SuiteRunner.java:421)
at org.testng.SuiteRunner.runSequentially(SuiteRunner.java:413)
at org.testng.SuiteRunner.privateRun(SuiteRunner.java:373)
at org.testng.SuiteRunner.run(SuiteRunner.java:312)
at org.testng.SuiteRunnerWorker.runSuite(SuiteRunnerWorker.java:52)
at org.testng.SuiteRunnerWorker.run(SuiteRunnerWorker.java:95)
at org.testng.TestNG.runSuitesSequentially(TestNG.java:1274)
at org.testng.TestNG.runSuitesLocally(TestNG.java:1208)
at org.testng.TestNG.runSuites(TestNG.java:1112)
at org.testng.TestNG.run(TestNG.java:1079)
at org.apache.maven.surefire.testng.TestNGExecutor.run(TestNGExecutor.java:155)
at org.apache.maven.surefire.testng.TestNGDirectoryTestSuite.executeMulti(TestNGDirectoryTestSuite.java:169)
at org.apache.maven.surefire.testng.TestNGDirectoryTestSuite.execute(TestNGDirectoryTestSuite.java:88)
at org.apache.maven.surefire.testng.TestNGProvider.invoke(TestNGProvider.java:137)
at org.apache.maven.surefire.booter.ForkedBooter.runSuitesInProcess(ForkedBooter.java:385)
at org.apache.maven.surefire.booter.ForkedBooter.execute(ForkedBooter.java:162)
at org.apache.maven.surefire.booter.ForkedBooter.run(ForkedBooter.java:507)
at org.apache.maven.surefire.booter.ForkedBooter.main(ForkedBooter.java:495)
]]>
            </full-stacktrace>
          </exception> <!-- com.city.exception.InvalidInputException -->
          <reporter-output>
          </reporter-output>
        </test-method> <!-- testRegisterComplaintWithEmptyCitizenId -->
        <test-method is-config="true" signature="setUp()[pri:0, instance:com.city.service.ComplaintServiceTest@7fc229ab]" started-at="2025-10-07T14:59:05 IST" name="setUp" finished-at="2025-10-07T14:59:05 IST" duration-ms="0" status="PASS">
          <reporter-output>
          </reporter-output>
        </test-method> <!-- setUp -->
        <test-method is-config="true" signature="setUp()[pri:0, instance:com.city.service.ComplaintServiceTest@7fc229ab]" started-at="2025-10-07T14:59:05 IST" name="setUp" finished-at="2025-10-07T14:59:05 IST" duration-ms="1" status="PASS">
          <reporter-output>
          </reporter-output>
        </test-method> <!-- setUp -->
        <test-method signature="testRegisterComplaintWithEmptyDescription()[pri:0, instance:com.city.service.ComplaintServiceTest@7fc229ab]" started-at="2025-10-07T14:59:05 IST" name="testRegisterComplaintWithEmptyDescription" finished-at="2025-10-07T14:59:05 IST" duration-ms="0" status="PASS">
          <exception class="com.city.exception.InvalidInputException">
            <message>
              <![CDATA[Complaint Description cannot be null or empty]]>
            </message>
            <full-stacktrace>
              <![CDATA[com.city.exception.InvalidInputException: Complaint Description cannot be null or empty
at com.city.service.ComplaintService.registerComplaint(ComplaintService.java:40)
at com.city.service.ComplaintServiceTest.testRegisterComplaintWithEmptyDescription(ComplaintServiceTest.java:146)
at java.base/jdk.internal.reflect.DirectMethodHandleAccessor.invoke(DirectMethodHandleAccessor.java:104)
at java.base/java.lang.reflect.Method.invoke(Method.java:565)
at org.testng.internal.invokers.MethodInvocationHelper.invokeMethod(MethodInvocationHelper.java:141)
at org.testng.internal.invokers.TestInvoker.invokeMethod(TestInvoker.java:687)
at org.testng.internal.invokers.TestInvoker.invokeTestMethod(TestInvoker.java:230)
at org.testng.internal.invokers.MethodRunner.runInSequence(MethodRunner.java:63)
at org.testng.internal.invokers.TestInvoker$MethodInvocationAgent.invoke(TestInvoker.java:995)
at org.testng.internal.invokers.TestInvoker.invokeTestMethods(TestInvoker.java:203)
at org.testng.internal.invokers.TestMethodWorker.invokeTestMethods(TestMethodWorker.java:154)
at org.testng.internal.invokers.TestMethodWorker.run(TestMethodWorker.java:134)
at java.base/java.util.ArrayList.forEach(ArrayList.java:1604)
at org.testng.TestRunner.privateRun(TestRunner.java:741)
at org.testng.TestRunner.run(TestRunner.java:616)
at org.testng.SuiteRunner.runTest(SuiteRunner.java:421)
at org.testng.SuiteRunner.runSequentially(SuiteRunner.java:413)
at org.testng.SuiteRunner.privateRun(SuiteRunner.java:373)
at org.testng.SuiteRunner.run(SuiteRunner.java:312)
at org.testng.SuiteRunnerWorker.runSuite(SuiteRunnerWorker.java:52)
at org.testng.SuiteRunnerWorker.run(SuiteRunnerWorker.java:95)
at org.testng.TestNG.runSuitesSequentially(TestNG.java:1274)
at org.testng.TestNG.runSuitesLocally(TestNG.java:1208)
at org.testng.TestNG.runSuites(TestNG.java:1112)
at org.testng.TestNG.run(TestNG.java:1079)
at org.apache.maven.surefire.testng.TestNGExecutor.run(TestNGExecutor.java:155)
at org.apache.maven.surefire.testng.TestNGDirectoryTestSuite.executeMulti(TestNGDirectoryTestSuite.java:169)
at org.apache.maven.surefire.testng.TestNGDirectoryTestSuite.execute(TestNGDirectoryTestSuite.java:88)
at org.apache.maven.surefire.testng.TestNGProvider.invoke(TestNGProvider.java:137)
at org.apache.maven.surefire.booter.ForkedBooter.runSuitesInProcess(ForkedBooter.java:385)
at org.apache.maven.surefire.booter.ForkedBooter.execute(ForkedBooter.java:162)
at org.apache.maven.surefire.booter.ForkedBooter.run(ForkedBooter.java:507)
at org.apache.maven.surefire.booter.ForkedBooter.main(ForkedBooter.java:495)
]]>
            </full-stacktrace>
          </exception> <!-- com.city.exception.InvalidInputException -->
          <reporter-output>
          </reporter-output>
        </test-method> <!-- testRegisterComplaintWithEmptyDescription -->
        <test-method signature="testRegisterComplaintWithInvalidData(java.lang.String,com.city.model.Complaint$Category,java.lang.String,com.city.model.Complaint$Priority)[pri:0, instance:com.city.service.ComplaintServiceTest@7fc229ab]" started-at="2025-10-07T14:59:05 IST" name="testRegisterComplaintWithInvalidData" data-provider="invalidComplaintData" finished-at="2025-10-07T14:59:05 IST" duration-ms="1" status="PASS">
          <params>
            <param index="0">
              <value is-null="true"/>
            </param>
            <param index="1">
              <value>
                <![CDATA[ROAD]]>
              </value>
            </param>
            <param index="2">
              <value>
                <![CDATA[Description]]>
              </value>
            </param>
            <param index="3">
              <value>
                <![CDATA[HIGH]]>
              </value>
            </param>
          </params>
          <exception class="com.city.exception.InvalidInputException">
            <message>
              <![CDATA[Citizen ID cannot be null or empty]]>
            </message>
            <full-stacktrace>
              <![CDATA[com.city.exception.InvalidInputException: Citizen ID cannot be null or empty
at com.city.service.ComplaintService.registerComplaint(ComplaintService.java:34)
at com.city.service.ComplaintServiceTest.testRegisterComplaintWithInvalidData(ComplaintServiceTest.java:108)
at java.base/jdk.internal.reflect.DirectMethodHandleAccessor.invoke(DirectMethodHandleAccessor.java:104)
at java.base/java.lang.reflect.Method.invoke(Method.java:565)
at org.testng.internal.invokers.MethodInvocationHelper.invokeMethod(MethodInvocationHelper.java:141)
at org.testng.internal.invokers.TestInvoker.invokeMethod(TestInvoker.java:687)
at org.testng.internal.invokers.TestInvoker.invokeTestMethod(TestInvoker.java:230)
at org.testng.internal.invokers.MethodRunner.runInSequence(MethodRunner.java:63)
at org.testng.internal.invokers.TestInvoker$MethodInvocationAgent.invoke(TestInvoker.java:995)
at org.testng.internal.invokers.TestInvoker.invokeTestMethods(TestInvoker.java:203)
at org.testng.internal.invokers.TestMethodWorker.invokeTestMethods(TestMethodWorker.java:154)
at org.testng.internal.invokers.TestMethodWorker.run(TestMethodWorker.java:134)
at java.base/java.util.ArrayList.forEach(ArrayList.java:1604)
at org.testng.TestRunner.privateRun(TestRunner.java:741)
at org.testng.TestRunner.run(TestRunner.java:616)
at org.testng.SuiteRunner.runTest(SuiteRunner.java:421)
at org.testng.SuiteRunner.runSequentially(SuiteRunner.java:413)
at org.testng.SuiteRunner.privateRun(SuiteRunner.java:373)
at org.testng.SuiteRunner.run(SuiteRunner.java:312)
at org.testng.SuiteRunnerWorker.runSuite(SuiteRunnerWorker.java:52)
at org.testng.SuiteRunnerWorker.run(SuiteRunnerWorker.java:95)
at org.testng.TestNG.runSuitesSequentially(TestNG.java:1274)
at org.testng.TestNG.runSuitesLocally(TestNG.java:1208)
at org.testng.TestNG.runSuites(TestNG.java:1112)
at org.testng.TestNG.run(TestNG.java:1079)
at org.apache.maven.surefire.testng.TestNGExecutor.run(TestNGExecutor.java:155)
at org.apache.maven.surefire.testng.TestNGDirectoryTestSuite.executeMulti(TestNGDirectoryTestSuite.java:169)
at org.apache.maven.surefire.testng.TestNGDirectoryTestSuite.execute(TestNGDirectoryTestSuite.java:88)
at org.apache.maven.surefire.testng.TestNGProvider.invoke(TestNGProvider.java:137)
at org.apache.maven.surefire.booter.ForkedBooter.runSuitesInProcess(ForkedBooter.java:385)
at org.apache.maven.surefire.booter.ForkedBooter.execute(ForkedBooter.java:162)
at org.apache.maven.surefire.booter.ForkedBooter.run(ForkedBooter.java:507)
at org.apache.maven.surefire.booter.ForkedBooter.main(ForkedBooter.java:495)
]]>
            </full-stacktrace>
          </exception> <!-- com.city.exception.InvalidInputException -->
          <reporter-output>
          </reporter-output>
        </test-method> <!-- testRegisterComplaintWithInvalidData -->
        <test-method is-config="true" signature="setUp()[pri:0, instance:com.city.service.ComplaintServiceTest@7fc229ab]" started-at="2025-10-07T14:59:05 IST" name="setUp" finished-at="2025-10-07T14:59:05 IST" duration-ms="0" status="PASS">
          <reporter-output>
          </reporter-output>
        </test-method> <!-- setUp -->
        <test-method signature="testRegisterComplaintWithInvalidData(java.lang.String,com.city.model.Complaint$Category,java.lang.String,com.city.model.Complaint$Priority)[pri:0, instance:com.city.service.ComplaintServiceTest@7fc229ab]" started-at="2025-10-07T14:59:05 IST" name="testRegisterComplaintWithInvalidData" data-provider="invalidComplaintData" finished-at="2025-10-07T14:59:05 IST" duration-ms="0" status="PASS">
          <params>
            <param index="0">
              <value>
                <![CDATA[]]>
              </value>
            </param>
            <param index="1">
              <value>
                <![CDATA[ROAD]]>
              </value>
            </param>
            <param index="2">
              <value>
                <![CDATA[Description]]>
              </value>
            </param>
            <param index="3">
              <value>
                <![CDATA[HIGH]]>
              </value>
            </param>
          </params>
          <exception class="com.city.exception.InvalidInputException">
            <message>
              <![CDATA[Citizen ID cannot be null or empty]]>
            </message>
            <full-stacktrace>
              <![CDATA[com.city.exception.InvalidInputException: Citizen ID cannot be null or empty
at com.city.service.ComplaintService.registerComplaint(ComplaintService.java:34)
at com.city.service.ComplaintServiceTest.testRegisterComplaintWithInvalidData(ComplaintServiceTest.java:108)
at java.base/jdk.internal.reflect.DirectMethodHandleAccessor.invoke(DirectMethodHandleAccessor.java:104)
at java.base/java.lang.reflect.Method.invoke(Method.java:565)
at org.testng.internal.invokers.MethodInvocationHelper.invokeMethod(MethodInvocationHelper.java:141)
at org.testng.internal.invokers.TestInvoker.invokeMethod(TestInvoker.java:687)
at org.testng.internal.invokers.TestInvoker.invokeTestMethod(TestInvoker.java:230)
at org.testng.internal.invokers.MethodRunner.runInSequence(MethodRunner.java:63)
at org.testng.internal.invokers.TestInvoker$MethodInvocationAgent.invoke(TestInvoker.java:995)
at org.testng.internal.invokers.TestInvoker.invokeTestMethods(TestInvoker.java:203)
at org.testng.internal.invokers.TestMethodWorker.invokeTestMethods(TestMethodWorker.java:154)
at org.testng.internal.invokers.TestMethodWorker.run(TestMethodWorker.java:134)
at java.base/java.util.ArrayList.forEach(ArrayList.java:1604)
at org.testng.TestRunner.privateRun(TestRunner.java:741)
at org.testng.TestRunner.run(TestRunner.java:616)
at org.testng.SuiteRunner.runTest(SuiteRunner.java:421)
at org.testng.SuiteRunner.runSequentially(SuiteRunner.java:413)
at org.testng.SuiteRunner.privateRun(SuiteRunner.java:373)
at org.testng.SuiteRunner.run(SuiteRunner.java:312)
at org.testng.SuiteRunnerWorker.runSuite(SuiteRunnerWorker.java:52)
at org.testng.SuiteRunnerWorker.run(SuiteRunnerWorker.java:95)
at org.testng.TestNG.runSuitesSequentially(TestNG.java:1274)
at org.testng.TestNG.runSuitesLocally(TestNG.java:1208)
at org.testng.TestNG.runSuites(TestNG.java:1112)
at org.testng.TestNG.run(TestNG.java:1079)
at org.apache.maven.surefire.testng.TestNGExecutor.run(TestNGExecutor.java:155)
at org.apache.maven.surefire.testng.TestNGDirectoryTestSuite.executeMulti(TestNGDirectoryTestSuite.java:169)
at org.apache.maven.surefire.testng.TestNGDirectoryTestSuite.execute(TestNGDirectoryTestSuite.java:88)
at org.apache.maven.surefire.testng.TestNGProvider.invoke(TestNGProvider.java:137)
at org.apache.maven.surefire.booter.ForkedBooter.runSuitesInProcess(ForkedBooter.java:385)
at org.apache.maven.surefire.booter.ForkedBooter.execute(ForkedBooter.java:162)
at org.apache.maven.surefire.booter.ForkedBooter.run(ForkedBooter.java:507)
at org.apache.maven.surefire.booter.ForkedBooter.main(ForkedBooter.java:495)
]]>
            </full-stacktrace>
          </exception> <!-- com.city.exception.InvalidInputException -->
          <reporter-output>
          </reporter-output>
        </test-method> <!-- testRegisterComplaintWithInvalidData -->
        <test-method is-config="true" signature="setUp()[pri:0, instance:com.city.service.ComplaintServiceTest@7fc229ab]" started-at="2025-10-07T14:59:05 IST" name="setUp" finished-at="2025-10-07T14:59:05 IST" duration-ms="0" status="PASS">
          <reporter-output>
          </reporter-output>
        </test-method> <!-- setUp -->
        <test-method is-config="true" signature="setUp()[pri:0, instance:com.city.service.ComplaintServiceTest@7fc229ab]" started-at="2025-10-07T14:59:05 IST" name="setUp" finished-at="2025-10-07T14:59:05 IST" duration-ms="1" status="PASS">
          <reporter-output>
          </reporter-output>
        </test-method> <!-- setUp -->
        <test-method signature="testRegisterComplaintWithInvalidData(java.lang.String,com.city.model.Complaint$Category,java.lang.String,com.city.model.Complaint$Priority)[pri:0, instance:com.city.service.ComplaintServiceTest@7fc229ab]" started-at="2025-10-07T14:59:05 IST" name="testRegisterComplaintWithInvalidData" data-provider="invalidComplaintData" finished-at="2025-10-07T14:59:05 IST" duration-ms="0" status="PASS">
          <params>
            <param index="0">
              <value>
                <![CDATA[C001]]>
              </value>
            </param>
            <param index="1">
              <value is-null="true"/>
            </param>
            <param index="2">
              <value>
                <![CDATA[Description]]>
              </value>
            </param>
            <param index="3">
              <value>
                <![CDATA[HIGH]]>
              </value>
            </param>
          </params>
          <exception class="com.city.exception.InvalidInputException">
            <message>
              <![CDATA[Complaint Category cannot be null]]>
            </message>
            <full-stacktrace>
              <![CDATA[com.city.exception.InvalidInputException: Complaint Category cannot be null
at com.city.service.ComplaintService.registerComplaint(ComplaintService.java:37)
at com.city.service.ComplaintServiceTest.testRegisterComplaintWithInvalidData(ComplaintServiceTest.java:108)
at java.base/jdk.internal.reflect.DirectMethodHandleAccessor.invoke(DirectMethodHandleAccessor.java:104)
at java.base/java.lang.reflect.Method.invoke(Method.java:565)
at org.testng.internal.invokers.MethodInvocationHelper.invokeMethod(MethodInvocationHelper.java:141)
at org.testng.internal.invokers.TestInvoker.invokeMethod(TestInvoker.java:687)
at org.testng.internal.invokers.TestInvoker.invokeTestMethod(TestInvoker.java:230)
at org.testng.internal.invokers.MethodRunner.runInSequence(MethodRunner.java:63)
at org.testng.internal.invokers.TestInvoker$MethodInvocationAgent.invoke(TestInvoker.java:995)
at org.testng.internal.invokers.TestInvoker.invokeTestMethods(TestInvoker.java:203)
at org.testng.internal.invokers.TestMethodWorker.invokeTestMethods(TestMethodWorker.java:154)
at org.testng.internal.invokers.TestMethodWorker.run(TestMethodWorker.java:134)
at java.base/java.util.ArrayList.forEach(ArrayList.java:1604)
at org.testng.TestRunner.privateRun(TestRunner.java:741)
at org.testng.TestRunner.run(TestRunner.java:616)
at org.testng.SuiteRunner.runTest(SuiteRunner.java:421)
at org.testng.SuiteRunner.runSequentially(SuiteRunner.java:413)
at org.testng.SuiteRunner.privateRun(SuiteRunner.java:373)
at org.testng.SuiteRunner.run(SuiteRunner.java:312)
at org.testng.SuiteRunnerWorker.runSuite(SuiteRunnerWorker.java:52)
at org.testng.SuiteRunnerWorker.run(SuiteRunnerWorker.java:95)
at org.testng.TestNG.runSuitesSequentially(TestNG.java:1274)
at org.testng.TestNG.runSuitesLocally(TestNG.java:1208)
at org.testng.TestNG.runSuites(TestNG.java:1112)
at org.testng.TestNG.run(TestNG.java:1079)
at org.apache.maven.surefire.testng.TestNGExecutor.run(TestNGExecutor.java:155)
at org.apache.maven.surefire.testng.TestNGDirectoryTestSuite.executeMulti(TestNGDirectoryTestSuite.java:169)
at org.apache.maven.surefire.testng.TestNGDirectoryTestSuite.execute(TestNGDirectoryTestSuite.java:88)
at org.apache.maven.surefire.testng.TestNGProvider.invoke(TestNGProvider.java:137)
at org.apache.maven.surefire.booter.ForkedBooter.runSuitesInProcess(ForkedBooter.java:385)
at org.apache.maven.surefire.booter.ForkedBooter.execute(ForkedBooter.java:162)
at org.apache.maven.surefire.booter.ForkedBooter.run(ForkedBooter.java:507)
at org.apache.maven.surefire.booter.ForkedBooter.main(ForkedBooter.java:495)
]]>
            </full-stacktrace>
          </exception> <!-- com.city.exception.InvalidInputException -->
          <reporter-output>
          </reporter-output>
        </test-method> <!-- testRegisterComplaintWithInvalidData -->
        <test-method is-config="true" signature="setUp()[pri:0, instance:com.city.service.ComplaintServiceTest@7fc229ab]" started-at="2025-10-07T14:59:05 IST" name="setUp" finished-at="2025-10-07T14:59:05 IST" duration-ms="1" status="PASS">
          <reporter-output>
          </reporter-output>
        </test-method> <!-- setUp -->
        <test-method signature="testRegisterComplaintWithInvalidData(java.lang.String,com.city.model.Complaint$Category,java.lang.String,com.city.model.Complaint$Priority)[pri:0, instance:com.city.service.ComplaintServiceTest@7fc229ab]" started-at="2025-10-07T14:59:05 IST" name="testRegisterComplaintWithInvalidData" data-provider="invalidComplaintData" finished-at="2025-10-07T14:59:05 IST" duration-ms="0" status="PASS">
          <params>
            <param index="0">
              <value>
                <![CDATA[C001]]>
              </value>
            </param>
            <param index="1">
              <value>
                <![CDATA[ROAD]]>
              </value>
            </param>
            <param index="2">
              <value is-null="true"/>
            </param>
            <param index="3">
              <value>
                <![CDATA[HIGH]]>
              </value>
            </param>
          </params>
          <exception class="com.city.exception.InvalidInputException">
            <message>
              <![CDATA[Complaint Description cannot be null or empty]]>
            </message>
            <full-stacktrace>
              <![CDATA[com.city.exception.InvalidInputException: Complaint Description cannot be null or empty
at com.city.service.ComplaintService.registerComplaint(ComplaintService.java:40)
at com.city.service.ComplaintServiceTest.testRegisterComplaintWithInvalidData(ComplaintServiceTest.java:108)
at java.base/jdk.internal.reflect.DirectMethodHandleAccessor.invoke(DirectMethodHandleAccessor.java:104)
at java.base/java.lang.reflect.Method.invoke(Method.java:565)
at org.testng.internal.invokers.MethodInvocationHelper.invokeMethod(MethodInvocationHelper.java:141)
at org.testng.internal.invokers.TestInvoker.invokeMethod(TestInvoker.java:687)
at org.testng.internal.invokers.TestInvoker.invokeTestMethod(TestInvoker.java:230)
at org.testng.internal.invokers.MethodRunner.runInSequence(MethodRunner.java:63)
at org.testng.internal.invokers.TestInvoker$MethodInvocationAgent.invoke(TestInvoker.java:995)
at org.testng.internal.invokers.TestInvoker.invokeTestMethods(TestInvoker.java:203)
at org.testng.internal.invokers.TestMethodWorker.invokeTestMethods(TestMethodWorker.java:154)
at org.testng.internal.invokers.TestMethodWorker.run(TestMethodWorker.java:134)
at java.base/java.util.ArrayList.forEach(ArrayList.java:1604)
at org.testng.TestRunner.privateRun(TestRunner.java:741)
at org.testng.TestRunner.run(TestRunner.java:616)
at org.testng.SuiteRunner.runTest(SuiteRunner.java:421)
at org.testng.SuiteRunner.runSequentially(SuiteRunner.java:413)
at org.testng.SuiteRunner.privateRun(SuiteRunner.java:373)
at org.testng.SuiteRunner.run(SuiteRunner.java:312)
at org.testng.SuiteRunnerWorker.runSuite(SuiteRunnerWorker.java:52)
at org.testng.SuiteRunnerWorker.run(SuiteRunnerWorker.java:95)
at org.testng.TestNG.runSuitesSequentially(TestNG.java:1274)
at org.testng.TestNG.runSuitesLocally(TestNG.java:1208)
at org.testng.TestNG.runSuites(TestNG.java:1112)
at org.testng.TestNG.run(TestNG.java:1079)
at org.apache.maven.surefire.testng.TestNGExecutor.run(TestNGExecutor.java:155)
at org.apache.maven.surefire.testng.TestNGDirectoryTestSuite.executeMulti(TestNGDirectoryTestSuite.java:169)
at org.apache.maven.surefire.testng.TestNGDirectoryTestSuite.execute(TestNGDirectoryTestSuite.java:88)
at org.apache.maven.surefire.testng.TestNGProvider.invoke(TestNGProvider.java:137)
at org.apache.maven.surefire.booter.ForkedBooter.runSuitesInProcess(ForkedBooter.java:385)
at org.apache.maven.surefire.booter.ForkedBooter.execute(ForkedBooter.java:162)
at org.apache.maven.surefire.booter.ForkedBooter.run(ForkedBooter.java:507)
at org.apache.maven.surefire.booter.ForkedBooter.main(ForkedBooter.java:495)
]]>
            </full-stacktrace>
          </exception> <!-- com.city.exception.InvalidInputException -->
          <reporter-output>
          </reporter-output>
        </test-method> <!-- testRegisterComplaintWithInvalidData -->
        <test-method signature="testRegisterComplaintWithInvalidData(java.lang.String,com.city.model.Complaint$Category,java.lang.String,com.city.model.Complaint$Priority)[pri:0, instance:com.city.service.ComplaintServiceTest@7fc229ab]" started-at="2025-10-07T14:59:05 IST" name="testRegisterComplaintWithInvalidData" data-provider="invalidComplaintData" finished-at="2025-10-07T14:59:05 IST" duration-ms="0" status="PASS">
          <params>
            <param index="0">
              <value>
                <![CDATA[C001]]>
              </value>
            </param>
            <param index="1">
              <value>
                <![CDATA[ROAD]]>
              </value>
            </param>
            <param index="2">
              <value>
                <![CDATA[]]>
              </value>
            </param>
            <param index="3">
              <value>
                <![CDATA[HIGH]]>
              </value>
            </param>
          </params>
          <exception class="com.city.exception.InvalidInputException">
            <message>
              <![CDATA[Complaint Description cannot be null or empty]]>
            </message>
            <full-stacktrace>
              <![CDATA[com.city.exception.InvalidInputException: Complaint Description cannot be null or empty
at com.city.service.ComplaintService.registerComplaint(ComplaintService.java:40)
at com.city.service.ComplaintServiceTest.testRegisterComplaintWithInvalidData(ComplaintServiceTest.java:108)
at java.base/jdk.internal.reflect.DirectMethodHandleAccessor.invoke(DirectMethodHandleAccessor.java:104)
at java.base/java.lang.reflect.Method.invoke(Method.java:565)
at org.testng.internal.invokers.MethodInvocationHelper.invokeMethod(MethodInvocationHelper.java:141)
at org.testng.internal.invokers.TestInvoker.invokeMethod(TestInvoker.java:687)
at org.testng.internal.invokers.TestInvoker.invokeTestMethod(TestInvoker.java:230)
at org.testng.internal.invokers.MethodRunner.runInSequence(MethodRunner.java:63)
at org.testng.internal.invokers.TestInvoker$MethodInvocationAgent.invoke(TestInvoker.java:995)
at org.testng.internal.invokers.TestInvoker.invokeTestMethods(TestInvoker.java:203)
at org.testng.internal.invokers.TestMethodWorker.invokeTestMethods(TestMethodWorker.java:154)
at org.testng.internal.invokers.TestMethodWorker.run(TestMethodWorker.java:134)
at java.base/java.util.ArrayList.forEach(ArrayList.java:1604)
at org.testng.TestRunner.privateRun(TestRunner.java:741)
at org.testng.TestRunner.run(TestRunner.java:616)
at org.testng.SuiteRunner.runTest(SuiteRunner.java:421)
at org.testng.SuiteRunner.runSequentially(SuiteRunner.java:413)
at org.testng.SuiteRunner.privateRun(SuiteRunner.java:373)
at org.testng.SuiteRunner.run(SuiteRunner.java:312)
at org.testng.SuiteRunnerWorker.runSuite(SuiteRunnerWorker.java:52)
at org.testng.SuiteRunnerWorker.run(SuiteRunnerWorker.java:95)
at org.testng.TestNG.runSuitesSequentially(TestNG.java:1274)
at org.testng.TestNG.runSuitesLocally(TestNG.java:1208)
at org.testng.TestNG.runSuites(TestNG.java:1112)
at org.testng.TestNG.run(TestNG.java:1079)
at org.apache.maven.surefire.testng.TestNGExecutor.run(TestNGExecutor.java:155)
at org.apache.maven.surefire.testng.TestNGDirectoryTestSuite.executeMulti(TestNGDirectoryTestSuite.java:169)
at org.apache.maven.surefire.testng.TestNGDirectoryTestSuite.execute(TestNGDirectoryTestSuite.java:88)
at org.apache.maven.surefire.testng.TestNGProvider.invoke(TestNGProvider.java:137)
at org.apache.maven.surefire.booter.ForkedBooter.runSuitesInProcess(ForkedBooter.java:385)
at org.apache.maven.surefire.booter.ForkedBooter.execute(ForkedBooter.java:162)
at org.apache.maven.surefire.booter.ForkedBooter.run(ForkedBooter.java:507)
at org.apache.maven.surefire.booter.ForkedBooter.main(ForkedBooter.java:495)
]]>
            </full-stacktrace>
          </exception> <!-- com.city.exception.InvalidInputException -->
          <reporter-output>
          </reporter-output>
        </test-method> <!-- testRegisterComplaintWithInvalidData -->
        <test-method is-config="true" signature="setUp()[pri:0, instance:com.city.service.ComplaintServiceTest@7fc229ab]" started-at="2025-10-07T14:59:05 IST" name="setUp" finished-at="2025-10-07T14:59:05 IST" duration-ms="0" status="PASS">
          <reporter-output>
          </reporter-output>
        </test-method> <!-- setUp -->
        <test-method is-config="true" signature="setUp()[pri:0, instance:com.city.service.ComplaintServiceTest@7fc229ab]" started-at="2025-10-07T14:59:05 IST" name="setUp" finished-at="2025-10-07T14:59:05 IST" duration-ms="1" status="PASS">
          <reporter-output>
          </reporter-output>
        </test-method> <!-- setUp -->
        <test-method signature="testRegisterComplaintWithInvalidData(java.lang.String,com.city.model.Complaint$Category,java.lang.String,com.city.model.Complaint$Priority)[pri:0, instance:com.city.service.ComplaintServiceTest@7fc229ab]" started-at="2025-10-07T14:59:05 IST" name="testRegisterComplaintWithInvalidData" data-provider="invalidComplaintData" finished-at="2025-10-07T14:59:05 IST" duration-ms="0" status="PASS">
          <params>
            <param index="0">
              <value>
                <![CDATA[C001]]>
              </value>
            </param>
            <param index="1">
              <value>
                <![CDATA[ROAD]]>
              </value>
            </param>
            <param index="2">
              <value>
                <![CDATA[Description]]>
              </value>
            </param>
            <param index="3">
              <value is-null="true"/>
            </param>
          </params>
          <exception class="com.city.exception.InvalidInputException">
            <message>
              <![CDATA[Complaint Priority cannot be null]]>
            </message>
            <full-stacktrace>
              <![CDATA[com.city.exception.InvalidInputException: Complaint Priority cannot be null
at com.city.service.ComplaintService.registerComplaint(ComplaintService.java:43)
at com.city.service.ComplaintServiceTest.testRegisterComplaintWithInvalidData(ComplaintServiceTest.java:108)
at java.base/jdk.internal.reflect.DirectMethodHandleAccessor.invoke(DirectMethodHandleAccessor.java:104)
at java.base/java.lang.reflect.Method.invoke(Method.java:565)
at org.testng.internal.invokers.MethodInvocationHelper.invokeMethod(MethodInvocationHelper.java:141)
at org.testng.internal.invokers.TestInvoker.invokeMethod(TestInvoker.java:687)
at org.testng.internal.invokers.TestInvoker.invokeTestMethod(TestInvoker.java:230)
at org.testng.internal.invokers.MethodRunner.runInSequence(MethodRunner.java:63)
at org.testng.internal.invokers.TestInvoker$MethodInvocationAgent.invoke(TestInvoker.java:995)
at org.testng.internal.invokers.TestInvoker.invokeTestMethods(TestInvoker.java:203)
at org.testng.internal.invokers.TestMethodWorker.invokeTestMethods(TestMethodWorker.java:154)
at org.testng.internal.invokers.TestMethodWorker.run(TestMethodWorker.java:134)
at java.base/java.util.ArrayList.forEach(ArrayList.java:1604)
at org.testng.TestRunner.privateRun(TestRunner.java:741)
at org.testng.TestRunner.run(TestRunner.java:616)
at org.testng.SuiteRunner.runTest(SuiteRunner.java:421)
at org.testng.SuiteRunner.runSequentially(SuiteRunner.java:413)
at org.testng.SuiteRunner.privateRun(SuiteRunner.java:373)
at org.testng.SuiteRunner.run(SuiteRunner.java:312)
at org.testng.SuiteRunnerWorker.runSuite(SuiteRunnerWorker.java:52)
at org.testng.SuiteRunnerWorker.run(SuiteRunnerWorker.java:95)
at org.testng.TestNG.runSuitesSequentially(TestNG.java:1274)
at org.testng.TestNG.runSuitesLocally(TestNG.java:1208)
at org.testng.TestNG.runSuites(TestNG.java:1112)
at org.testng.TestNG.run(TestNG.java:1079)
at org.apache.maven.surefire.testng.TestNGExecutor.run(TestNGExecutor.java:155)
at org.apache.maven.surefire.testng.TestNGDirectoryTestSuite.executeMulti(TestNGDirectoryTestSuite.java:169)
at org.apache.maven.surefire.testng.TestNGDirectoryTestSuite.execute(TestNGDirectoryTestSuite.java:88)
at org.apache.maven.surefire.testng.TestNGProvider.invoke(TestNGProvider.java:137)
at org.apache.maven.surefire.booter.ForkedBooter.runSuitesInProcess(ForkedBooter.java:385)
at org.apache.maven.surefire.booter.ForkedBooter.execute(ForkedBooter.java:162)
at org.apache.maven.surefire.booter.ForkedBooter.run(ForkedBooter.java:507)
at org.apache.maven.surefire.booter.ForkedBooter.main(ForkedBooter.java:495)
]]>
            </full-stacktrace>
          </exception> <!-- com.city.exception.InvalidInputException -->
          <reporter-output>
          </reporter-output>
        </test-method> <!-- testRegisterComplaintWithInvalidData -->
        <test-method is-config="true" signature="setUp()[pri:0, instance:com.city.service.ComplaintServiceTest@7fc229ab]" started-at="2025-10-07T14:59:05 IST" name="setUp" finished-at="2025-10-07T14:59:05 IST" duration-ms="1" status="PASS">
          <reporter-output>
          </reporter-output>
        </test-method> <!-- setUp -->
        <test-method signature="testRegisterComplaintWithInvalidData(java.lang.String,com.city.model.Complaint$Category,java.lang.String,com.city.model.Complaint$Priority)[pri:0, instance:com.city.service.ComplaintServiceTest@7fc229ab]" started-at="2025-10-07T14:59:05 IST" name="testRegisterComplaintWithInvalidData" data-provider="invalidComplaintData" finished-at="2025-10-07T14:59:05 IST" duration-ms="0" status="PASS">
          <params>
            <param index="0">
              <value>
                <![CDATA[NON_EXISTENT]]>
              </value>
            </param>
            <param index="1">
              <value>
                <![CDATA[ROAD]]>
              </value>
            </param>
            <param index="2">
              <value>
                <![CDATA[Description]]>
              </value>
            </param>
            <param index="3">
              <value>
                <![CDATA[HIGH]]>
              </value>
            </param>
          </params>
          <exception class="com.city.exception.ServiceUnavailableException">
            <message>
              <![CDATA[Citizen with ID NON_EXISTENT not found]]>
            </message>
            <full-stacktrace>
              <![CDATA[com.city.exception.ServiceUnavailableException: Citizen with ID NON_EXISTENT not found
at com.city.service.ComplaintService.registerComplaint(ComplaintService.java:48)
at com.city.service.ComplaintServiceTest.testRegisterComplaintWithInvalidData(ComplaintServiceTest.java:108)
at java.base/jdk.internal.reflect.DirectMethodHandleAccessor.invoke(DirectMethodHandleAccessor.java:104)
at java.base/java.lang.reflect.Method.invoke(Method.java:565)
at org.testng.internal.invokers.MethodInvocationHelper.invokeMethod(MethodInvocationHelper.java:141)
at org.testng.internal.invokers.TestInvoker.invokeMethod(TestInvoker.java:687)
at org.testng.internal.invokers.TestInvoker.invokeTestMethod(TestInvoker.java:230)
at org.testng.internal.invokers.MethodRunner.runInSequence(MethodRunner.java:63)
at org.testng.internal.invokers.TestInvoker$MethodInvocationAgent.invoke(TestInvoker.java:995)
at org.testng.internal.invokers.TestInvoker.invokeTestMethods(TestInvoker.java:203)
at org.testng.internal.invokers.TestMethodWorker.invokeTestMethods(TestMethodWorker.java:154)
at org.testng.internal.invokers.TestMethodWorker.run(TestMethodWorker.java:134)
at java.base/java.util.ArrayList.forEach(ArrayList.java:1604)
at org.testng.TestRunner.privateRun(TestRunner.java:741)
at org.testng.TestRunner.run(TestRunner.java:616)
at org.testng.SuiteRunner.runTest(SuiteRunner.java:421)
at org.testng.SuiteRunner.runSequentially(SuiteRunner.java:413)
at org.testng.SuiteRunner.privateRun(SuiteRunner.java:373)
at org.testng.SuiteRunner.run(SuiteRunner.java:312)
at org.testng.SuiteRunnerWorker.runSuite(SuiteRunnerWorker.java:52)
at org.testng.SuiteRunnerWorker.run(SuiteRunnerWorker.java:95)
at org.testng.TestNG.runSuitesSequentially(TestNG.java:1274)
at org.testng.TestNG.runSuitesLocally(TestNG.java:1208)
at org.testng.TestNG.runSuites(TestNG.java:1112)
at org.testng.TestNG.run(TestNG.java:1079)
at org.apache.maven.surefire.testng.TestNGExecutor.run(TestNGExecutor.java:155)
at org.apache.maven.surefire.testng.TestNGDirectoryTestSuite.executeMulti(TestNGDirectoryTestSuite.java:169)
at org.apache.maven.surefire.testng.TestNGDirectoryTestSuite.execute(TestNGDirectoryTestSuite.java:88)
at org.apache.maven.surefire.testng.TestNGProvider.invoke(TestNGProvider.java:137)
at org.apache.maven.surefire.booter.ForkedBooter.runSuitesInProcess(ForkedBooter.java:385)
at org.apache.maven.surefire.booter.ForkedBooter.execute(ForkedBooter.java:162)
at org.apache.maven.surefire.booter.ForkedBooter.run(ForkedBooter.java:507)
at org.apache.maven.surefire.booter.ForkedBooter.main(ForkedBooter.java:495)
]]>
            </full-stacktrace>
          </exception> <!-- com.city.exception.ServiceUnavailableException -->
          <reporter-output>
          </reporter-output>
        </test-method> <!-- testRegisterComplaintWithInvalidData -->
        <test-method signature="testRegisterComplaintWithNonExistentCitizen()[pri:0, instance:com.city.service.ComplaintServiceTest@7fc229ab]" started-at="2025-10-07T14:59:05 IST" name="testRegisterComplaintWithNonExistentCitizen" finished-at="2025-10-07T14:59:05 IST" duration-ms="0" status="PASS">
          <exception class="com.city.exception.ServiceUnavailableException">
            <message>
              <![CDATA[Citizen with ID NON_EXISTENT not found]]>
            </message>
            <full-stacktrace>
              <![CDATA[com.city.exception.ServiceUnavailableException: Citizen with ID NON_EXISTENT not found
at com.city.service.ComplaintService.registerComplaint(ComplaintService.java:48)
at com.city.service.ComplaintServiceTest.testRegisterComplaintWithNonExistentCitizen(ComplaintServiceTest.java:156)
at java.base/jdk.internal.reflect.DirectMethodHandleAccessor.invoke(DirectMethodHandleAccessor.java:104)
at java.base/java.lang.reflect.Method.invoke(Method.java:565)
at org.testng.internal.invokers.MethodInvocationHelper.invokeMethod(MethodInvocationHelper.java:141)
at org.testng.internal.invokers.TestInvoker.invokeMethod(TestInvoker.java:687)
at org.testng.internal.invokers.TestInvoker.invokeTestMethod(TestInvoker.java:230)
at org.testng.internal.invokers.MethodRunner.runInSequence(MethodRunner.java:63)
at org.testng.internal.invokers.TestInvoker$MethodInvocationAgent.invoke(TestInvoker.java:995)
at org.testng.internal.invokers.TestInvoker.invokeTestMethods(TestInvoker.java:203)
at org.testng.internal.invokers.TestMethodWorker.invokeTestMethods(TestMethodWorker.java:154)
at org.testng.internal.invokers.TestMethodWorker.run(TestMethodWorker.java:134)
at java.base/java.util.ArrayList.forEach(ArrayList.java:1604)
at org.testng.TestRunner.privateRun(TestRunner.java:741)
at org.testng.TestRunner.run(TestRunner.java:616)
at org.testng.SuiteRunner.runTest(SuiteRunner.java:421)
at org.testng.SuiteRunner.runSequentially(SuiteRunner.java:413)
at org.testng.SuiteRunner.privateRun(SuiteRunner.java:373)
at org.testng.SuiteRunner.run(SuiteRunner.java:312)
at org.testng.SuiteRunnerWorker.runSuite(SuiteRunnerWorker.java:52)
at org.testng.SuiteRunnerWorker.run(SuiteRunnerWorker.java:95)
at org.testng.TestNG.runSuitesSequentially(TestNG.java:1274)
at org.testng.TestNG.runSuitesLocally(TestNG.java:1208)
at org.testng.TestNG.runSuites(TestNG.java:1112)
at org.testng.TestNG.run(TestNG.java:1079)
at org.apache.maven.surefire.testng.TestNGExecutor.run(TestNGExecutor.java:155)
at org.apache.maven.surefire.testng.TestNGDirectoryTestSuite.executeMulti(TestNGDirectoryTestSuite.java:169)
at org.apache.maven.surefire.testng.TestNGDirectoryTestSuite.execute(TestNGDirectoryTestSuite.java:88)
at org.apache.maven.surefire.testng.TestNGProvider.invoke(TestNGProvider.java:137)
at org.apache.maven.surefire.booter.ForkedBooter.runSuitesInProcess(ForkedBooter.java:385)
at org.apache.maven.surefire.booter.ForkedBooter.execute(ForkedBooter.java:162)
at org.apache.maven.surefire.booter.ForkedBooter.run(ForkedBooter.java:507)
at org.apache.maven.surefire.booter.ForkedBooter.main(ForkedBooter.java:495)
]]>
            </full-stacktrace>
          </exception> <!-- com.city.exception.ServiceUnavailableException -->
          <reporter-output>
          </reporter-output>
        </test-method> <!-- testRegisterComplaintWithNonExistentCitizen -->
        <test-method is-config="true" signature="setUp()[pri:0, instance:com.city.service.ComplaintServiceTest@7fc229ab]" started-at="2025-10-07T14:59:05 IST" name="setUp" finished-at="2025-10-07T14:59:05 IST" duration-ms="0" status="PASS">
          <reporter-output>
          </reporter-output>
        </test-method> <!-- setUp -->
        <test-method signature="testRegisterComplaintWithNullCategory()[pri:0, instance:com.city.service.ComplaintServiceTest@7fc229ab]" started-at="2025-10-07T14:59:05 IST" name="testRegisterComplaintWithNullCategory" finished-at="2025-10-07T14:59:05 IST" duration-ms="0" status="PASS">
          <exception class="com.city.exception.InvalidInputException">
            <message>
              <![CDATA[Complaint Category cannot be null]]>
            </message>
            <full-stacktrace>
              <![CDATA[com.city.exception.InvalidInputException: Complaint Category cannot be null
at com.city.service.ComplaintService.registerComplaint(ComplaintService.java:37)
at com.city.service.ComplaintServiceTest.testRegisterComplaintWithNullCategory(ComplaintServiceTest.java:136)
at java.base/jdk.internal.reflect.DirectMethodHandleAccessor.invoke(DirectMethodHandleAccessor.java:104)
at java.base/java.lang.reflect.Method.invoke(Method.java:565)
at org.testng.internal.invokers.MethodInvocationHelper.invokeMethod(MethodInvocationHelper.java:141)
at org.testng.internal.invokers.TestInvoker.invokeMethod(TestInvoker.java:687)
at org.testng.internal.invokers.TestInvoker.invokeTestMethod(TestInvoker.java:230)
at org.testng.internal.invokers.MethodRunner.runInSequence(MethodRunner.java:63)
at org.testng.internal.invokers.TestInvoker$MethodInvocationAgent.invoke(TestInvoker.java:995)
at org.testng.internal.invokers.TestInvoker.invokeTestMethods(TestInvoker.java:203)
at org.testng.internal.invokers.TestMethodWorker.invokeTestMethods(TestMethodWorker.java:154)
at org.testng.internal.invokers.TestMethodWorker.run(TestMethodWorker.java:134)
at java.base/java.util.ArrayList.forEach(ArrayList.java:1604)
at org.testng.TestRunner.privateRun(TestRunner.java:741)
at org.testng.TestRunner.run(TestRunner.java:616)
at org.testng.SuiteRunner.runTest(SuiteRunner.java:421)
at org.testng.SuiteRunner.runSequentially(SuiteRunner.java:413)
at org.testng.SuiteRunner.privateRun(SuiteRunner.java:373)
at org.testng.SuiteRunner.run(SuiteRunner.java:312)
at org.testng.SuiteRunnerWorker.runSuite(SuiteRunnerWorker.java:52)
at org.testng.SuiteRunnerWorker.run(SuiteRunnerWorker.java:95)
at org.testng.TestNG.runSuitesSequentially(TestNG.java:1274)
at org.testng.TestNG.runSuitesLocally(TestNG.java:1208)
at org.testng.TestNG.runSuites(TestNG.java:1112)
at org.testng.TestNG.run(TestNG.java:1079)
at org.apache.maven.surefire.testng.TestNGExecutor.run(TestNGExecutor.java:155)
at org.apache.maven.surefire.testng.TestNGDirectoryTestSuite.executeMulti(TestNGDirectoryTestSuite.java:169)
at org.apache.maven.surefire.testng.TestNGDirectoryTestSuite.execute(TestNGDirectoryTestSuite.java:88)
at org.apache.maven.surefire.testng.TestNGProvider.invoke(TestNGProvider.java:137)
at org.apache.maven.surefire.booter.ForkedBooter.runSuitesInProcess(ForkedBooter.java:385)
at org.apache.maven.surefire.booter.ForkedBooter.execute(ForkedBooter.java:162)
at org.apache.maven.surefire.booter.ForkedBooter.run(ForkedBooter.java:507)
at org.apache.maven.surefire.booter.ForkedBooter.main(ForkedBooter.java:495)
]]>
            </full-stacktrace>
          </exception> <!-- com.city.exception.InvalidInputException -->
          <reporter-output>
          </reporter-output>
        </test-method> <!-- testRegisterComplaintWithNullCategory -->
        <test-method is-config="true" signature="setUp()[pri:0, instance:com.city.service.ComplaintServiceTest@7fc229ab]" started-at="2025-10-07T14:59:05 IST" name="setUp" finished-at="2025-10-07T14:59:05 IST" duration-ms="0" status="PASS">
          <reporter-output>
          </reporter-output>
        </test-method> <!-- setUp -->
        <test-method signature="testRegisterComplaintWithNullCitizenId()[pri:0, instance:com.city.service.ComplaintServiceTest@7fc229ab]" started-at="2025-10-07T14:59:05 IST" name="testRegisterComplaintWithNullCitizenId" finished-at="2025-10-07T14:59:05 IST" duration-ms="0" status="PASS">
          <exception class="com.city.exception.InvalidInputException">
            <message>
              <![CDATA[Citizen ID cannot be null or empty]]>
            </message>
            <full-stacktrace>
              <![CDATA[com.city.exception.InvalidInputException: Citizen ID cannot be null or empty
at com.city.service.ComplaintService.registerComplaint(ComplaintService.java:34)
at com.city.service.ComplaintServiceTest.testRegisterComplaintWithNullCitizenId(ComplaintServiceTest.java:126)
at java.base/jdk.internal.reflect.DirectMethodHandleAccessor.invoke(DirectMethodHandleAccessor.java:104)
at java.base/java.lang.reflect.Method.invoke(Method.java:565)
at org.testng.internal.invokers.MethodInvocationHelper.invokeMethod(MethodInvocationHelper.java:141)
at org.testng.internal.invokers.TestInvoker.invokeMethod(TestInvoker.java:687)
at org.testng.internal.invokers.TestInvoker.invokeTestMethod(TestInvoker.java:230)
at org.testng.internal.invokers.MethodRunner.runInSequence(MethodRunner.java:63)
at org.testng.internal.invokers.TestInvoker$MethodInvocationAgent.invoke(TestInvoker.java:995)
at org.testng.internal.invokers.TestInvoker.invokeTestMethods(TestInvoker.java:203)
at org.testng.internal.invokers.TestMethodWorker.invokeTestMethods(TestMethodWorker.java:154)
at org.testng.internal.invokers.TestMethodWorker.run(TestMethodWorker.java:134)
at java.base/java.util.ArrayList.forEach(ArrayList.java:1604)
at org.testng.TestRunner.privateRun(TestRunner.java:741)
at org.testng.TestRunner.run(TestRunner.java:616)
at org.testng.SuiteRunner.runTest(SuiteRunner.java:421)
at org.testng.SuiteRunner.runSequentially(SuiteRunner.java:413)
at org.testng.SuiteRunner.privateRun(SuiteRunner.java:373)
at org.testng.SuiteRunner.run(SuiteRunner.java:312)
at org.testng.SuiteRunnerWorker.runSuite(SuiteRunnerWorker.java:52)
at org.testng.SuiteRunnerWorker.run(SuiteRunnerWorker.java:95)
at org.testng.TestNG.runSuitesSequentially(TestNG.java:1274)
at org.testng.TestNG.runSuitesLocally(TestNG.java:1208)
at org.testng.TestNG.runSuites(TestNG.java:1112)
at org.testng.TestNG.run(TestNG.java:1079)
at org.apache.maven.surefire.testng.TestNGExecutor.run(TestNGExecutor.java:155)
at org.apache.maven.surefire.testng.TestNGDirectoryTestSuite.executeMulti(TestNGDirectoryTestSuite.java:169)
at org.apache.maven.surefire.testng.TestNGDirectoryTestSuite.execute(TestNGDirectoryTestSuite.java:88)
at org.apache.maven.surefire.testng.TestNGProvider.invoke(TestNGProvider.java:137)
at org.apache.maven.surefire.booter.ForkedBooter.runSuitesInProcess(ForkedBooter.java:385)
at org.apache.maven.surefire.booter.ForkedBooter.execute(ForkedBooter.java:162)
at org.apache.maven.surefire.booter.ForkedBooter.run(ForkedBooter.java:507)
at org.apache.maven.surefire.booter.ForkedBooter.main(ForkedBooter.java:495)
]]>
            </full-stacktrace>
          </exception> <!-- com.city.exception.InvalidInputException -->
          <reporter-output>
          </reporter-output>
        </test-method> <!-- testRegisterComplaintWithNullCitizenId -->
        <test-method is-config="true" signature="setUp()[pri:0, instance:com.city.service.ComplaintServiceTest@7fc229ab]" started-at="2025-10-07T14:59:05 IST" name="setUp" finished-at="2025-10-07T14:59:05 IST" duration-ms="0" status="PASS">
          <reporter-output>
          </reporter-output>
        </test-method> <!-- setUp -->
        <test-method signature="testRegisterComplaintWithNullDescription()[pri:0, instance:com.city.service.ComplaintServiceTest@7fc229ab]" started-at="2025-10-07T14:59:05 IST" name="testRegisterComplaintWithNullDescription" finished-at="2025-10-07T14:59:05 IST" duration-ms="0" status="PASS">
          <exception class="com.city.exception.InvalidInputException">
            <message>
              <![CDATA[Complaint Description cannot be null or empty]]>
            </message>
            <full-stacktrace>
              <![CDATA[com.city.exception.InvalidInputException: Complaint Description cannot be null or empty
at com.city.service.ComplaintService.registerComplaint(ComplaintService.java:40)
at com.city.service.ComplaintServiceTest.testRegisterComplaintWithNullDescription(ComplaintServiceTest.java:141)
at java.base/jdk.internal.reflect.DirectMethodHandleAccessor.invoke(DirectMethodHandleAccessor.java:104)
at java.base/java.lang.reflect.Method.invoke(Method.java:565)
at org.testng.internal.invokers.MethodInvocationHelper.invokeMethod(MethodInvocationHelper.java:141)
at org.testng.internal.invokers.TestInvoker.invokeMethod(TestInvoker.java:687)
at org.testng.internal.invokers.TestInvoker.invokeTestMethod(TestInvoker.java:230)
at org.testng.internal.invokers.MethodRunner.runInSequence(MethodRunner.java:63)
at org.testng.internal.invokers.TestInvoker$MethodInvocationAgent.invoke(TestInvoker.java:995)
at org.testng.internal.invokers.TestInvoker.invokeTestMethods(TestInvoker.java:203)
at org.testng.internal.invokers.TestMethodWorker.invokeTestMethods(TestMethodWorker.java:154)
at org.testng.internal.invokers.TestMethodWorker.run(TestMethodWorker.java:134)
at java.base/java.util.ArrayList.forEach(ArrayList.java:1604)
at org.testng.TestRunner.privateRun(TestRunner.java:741)
at org.testng.TestRunner.run(TestRunner.java:616)
at org.testng.SuiteRunner.runTest(SuiteRunner.java:421)
at org.testng.SuiteRunner.runSequentially(SuiteRunner.java:413)
at org.testng.SuiteRunner.privateRun(SuiteRunner.java:373)
at org.testng.SuiteRunner.run(SuiteRunner.java:312)
at org.testng.SuiteRunnerWorker.runSuite(SuiteRunnerWorker.java:52)
at org.testng.SuiteRunnerWorker.run(SuiteRunnerWorker.java:95)
at org.testng.TestNG.runSuitesSequentially(TestNG.java:1274)
at org.testng.TestNG.runSuitesLocally(TestNG.java:1208)
at org.testng.TestNG.runSuites(TestNG.java:1112)
at org.testng.TestNG.run(TestNG.java:1079)
at org.apache.maven.surefire.testng.TestNGExecutor.run(TestNGExecutor.java:155)
at org.apache.maven.surefire.testng.TestNGDirectoryTestSuite.executeMulti(TestNGDirectoryTestSuite.java:169)
at org.apache.maven.surefire.testng.TestNGDirectoryTestSuite.execute(TestNGDirectoryTestSuite.java:88)
at org.apache.maven.surefire.testng.TestNGProvider.invoke(TestNGProvider.java:137)
at org.apache.maven.surefire.booter.ForkedBooter.runSuitesInProcess(ForkedBooter.java:385)
at org.apache.maven.surefire.booter.ForkedBooter.execute(ForkedBooter.java:162)
at org.apache.maven.surefire.booter.ForkedBooter.run(ForkedBooter.java:507)
at org.apache.maven.surefire.booter.ForkedBooter.main(ForkedBooter.java:495)
]]>
            </full-stacktrace>
          </exception> <!-- com.city.exception.InvalidInputException -->
          <reporter-output>
          </reporter-output>
        </test-method> <!-- testRegisterComplaintWithNullDescription -->
        <test-method is-config="true" signature="setUp()[pri:0, instance:com.city.service.ComplaintServiceTest@7fc229ab]" started-at="2025-10-07T14:59:05 IST" name="setUp" finished-at="2025-10-07T14:59:05 IST" duration-ms="0" status="PASS">
          <reporter-output>
          </reporter-output>
        </test-method> <!-- setUp -->
        <test-method signature="testRegisterComplaintWithNullPriority()[pri:0, instance:com.city.service.ComplaintServiceTest@7fc229ab]" started-at="2025-10-07T14:59:05 IST" name="testRegisterComplaintWithNullPriority" finished-at="2025-10-07T14:59:05 IST" duration-ms="0" status="PASS">
          <exception class="com.city.exception.InvalidInputException">
            <message>
              <![CDATA[Complaint Priority cannot be null]]>
            </message>
            <full-stacktrace>
              <![CDATA[com.city.exception.InvalidInputException: Complaint Priority cannot be null
at com.city.service.ComplaintService.registerComplaint(ComplaintService.java:43)
at com.city.service.ComplaintServiceTest.testRegisterComplaintWithNullPriority(ComplaintServiceTest.java:151)
at java.base/jdk.internal.reflect.DirectMethodHandleAccessor.invoke(DirectMethodHandleAccessor.java:104)
at java.base/java.lang.reflect.Method.invoke(Method.java:565)
at org.testng.internal.invokers.MethodInvocationHelper.invokeMethod(MethodInvocationHelper.java:141)
at org.testng.internal.invokers.TestInvoker.invokeMethod(TestInvoker.java:687)
at org.testng.internal.invokers.TestInvoker.invokeTestMethod(TestInvoker.java:230)
at org.testng.internal.invokers.MethodRunner.runInSequence(MethodRunner.java:63)
at org.testng.internal.invokers.TestInvoker$MethodInvocationAgent.invoke(TestInvoker.java:995)
at org.testng.internal.invokers.TestInvoker.invokeTestMethods(TestInvoker.java:203)
at org.testng.internal.invokers.TestMethodWorker.invokeTestMethods(TestMethodWorker.java:154)
at org.testng.internal.invokers.TestMethodWorker.run(TestMethodWorker.java:134)
at java.base/java.util.ArrayList.forEach(ArrayList.java:1604)
at org.testng.TestRunner.privateRun(TestRunner.java:741)
at org.testng.TestRunner.run(TestRunner.java:616)
at org.testng.SuiteRunner.runTest(SuiteRunner.java:421)
at org.testng.SuiteRunner.runSequentially(SuiteRunner.java:413)
at org.testng.SuiteRunner.privateRun(SuiteRunner.java:373)
at org.testng.SuiteRunner.run(SuiteRunner.java:312)
at org.testng.SuiteRunnerWorker.runSuite(SuiteRunnerWorker.java:52)
at org.testng.SuiteRunnerWorker.run(SuiteRunnerWorker.java:95)
at org.testng.TestNG.runSuitesSequentially(TestNG.java:1274)
at org.testng.TestNG.runSuitesLocally(TestNG.java:1208)
at org.testng.TestNG.runSuites(TestNG.java:1112)
at org.testng.TestNG.run(TestNG.java:1079)
at org.apache.maven.surefire.testng.TestNGExecutor.run(TestNGExecutor.java:155)
at org.apache.maven.surefire.testng.TestNGDirectoryTestSuite.executeMulti(TestNGDirectoryTestSuite.java:169)
at org.apache.maven.surefire.testng.TestNGDirectoryTestSuite.execute(TestNGDirectoryTestSuite.java:88)
at org.apache.maven.surefire.testng.TestNGProvider.invoke(TestNGProvider.java:137)
at org.apache.maven.surefire.booter.ForkedBooter.runSuitesInProcess(ForkedBooter.java:385)
at org.apache.maven.surefire.booter.ForkedBooter.execute(ForkedBooter.java:162)
at org.apache.maven.surefire.booter.ForkedBooter.run(ForkedBooter.java:507)
at org.apache.maven.surefire.booter.ForkedBooter.main(ForkedBooter.java:495)
]]>
            </full-stacktrace>
          </exception> <!-- com.city.exception.InvalidInputException -->
          <reporter-output>
          </reporter-output>
        </test-method> <!-- testRegisterComplaintWithNullPriority -->
        <test-method is-config="true" signature="setUp()[pri:0, instance:com.city.service.ComplaintServiceTest@7fc229ab]" started-at="2025-10-07T14:59:05 IST" name="setUp" finished-at="2025-10-07T14:59:05 IST" duration-ms="0" status="PASS">
          <reporter-output>
          </reporter-output>
        </test-method> <!-- setUp -->
        <test-method signature="testUpdateComplaintStatus(int)[pri:0, instance:com.city.service.ComplaintServiceTest@7fc229ab]" started-at="2025-10-07T14:59:05 IST" name="testUpdateComplaintStatus" data-provider="Iteration" finished-at="2025-10-07T14:59:05 IST" duration-ms="1" status="PASS">
          <params>
            <param index="0">
              <value>
                <![CDATA[0]]>
              </value>
            </param>
          </params>
          <reporter-output>
          </reporter-output>
        </test-method> <!-- testUpdateComplaintStatus -->
        <test-method is-config="true" signature="setUp()[pri:0, instance:com.city.service.ComplaintServiceTest@7fc229ab]" started-at="2025-10-07T14:59:05 IST" name="setUp" finished-at="2025-10-07T14:59:05 IST" duration-ms="0" status="PASS">
          <reporter-output>
          </reporter-output>
        </test-method> <!-- setUp -->
        <test-method signature="testUpdateComplaintStatus(int)[pri:0, instance:com.city.service.ComplaintServiceTest@7fc229ab]" started-at="2025-10-07T14:59:05 IST" name="testUpdateComplaintStatus" data-provider="Iteration" finished-at="2025-10-07T14:59:05 IST" duration-ms="0" status="PASS">
          <params>
            <param index="0">
              <value>
                <![CDATA[1]]>
              </value>
            </param>
          </params>
          <reporter-output>
          </reporter-output>
        </test-method> <!-- testUpdateComplaintStatus -->
        <test-method is-config="true" signature="setUp()[pri:0, instance:com.city.service.ComplaintServiceTest@7fc229ab]" started-at="2025-10-07T14:59:05 IST" name="setUp" finished-at="2025-10-07T14:59:05 IST" duration-ms="0" status="PASS">
          <reporter-output>
          </reporter-output>
        </test-method> <!-- setUp -->
        <test-method signature="testUpdateComplaintStatus(int)[pri:0, instance:com.city.service.ComplaintServiceTest@7fc229ab]" started-at="2025-10-07T14:59:05 IST" name="testUpdateComplaintStatus" data-provider="Iteration" finished-at="2025-10-07T14:59:05 IST" duration-ms="0" status="PASS">
          <params>
            <param index="0">
              <value>
                <![CDATA[2]]>
              </value>
            </param>
          </params>
          <reporter-output>
          </reporter-output>
        </test-method> <!-- testUpdateComplaintStatus -->
        <test-method signature="testUpdateComplaintStatus(int)[pri:0, instance:com.city.service.ComplaintServiceTest@7fc229ab]" started-at="2025-10-07T14:59:05 IST" name="testUpdateComplaintStatus" data-provider="Iteration" finished-at="2025-10-07T14:59:05 IST" duration-ms="1" status="PASS">
          <params>
            <param index="0">
              <value>
                <![CDATA[3]]>
              </value>
            </param>
          </params>
          <reporter-output>
          </reporter-output>
        </test-method> <!-- testUpdateComplaintStatus -->
        <test-method is-config="true" signature="setUp()[pri:0, instance:com.city.service.ComplaintServiceTest@7fc229ab]" started-at="2025-10-07T14:59:05 IST" name="setUp" finished-at="2025-10-07T14:59:05 IST" duration-ms="0" status="PASS">
          <reporter-output>
          </reporter-output>
        </test-method> <!-- setUp -->
        <test-method is-config="true" signature="setUp()[pri:0, instance:com.city.service.ComplaintServiceTest@7fc229ab]" started-at="2025-10-07T14:59:05 IST" name="setUp" finished-at="2025-10-07T14:59:05 IST" duration-ms="0" status="PASS">
          <reporter-output>
          </reporter-output>
        </test-method> <!-- setUp -->
        <test-method signature="testUpdateComplaintStatus(int)[pri:0, instance:com.city.service.ComplaintServiceTest@7fc229ab]" started-at="2025-10-07T14:59:05 IST" name="testUpdateComplaintStatus" data-provider="Iteration" finished-at="2025-10-07T14:59:05 IST" duration-ms="0" status="PASS">
          <params>
            <param index="0">
              <value>
                <![CDATA[4]]>
              </value>
            </param>
          </params>
          <reporter-output>
          </reporter-output>
        </test-method> <!-- testUpdateComplaintStatus -->
        <test-method is-config="true" signature="setUp()[pri:0, instance:com.city.service.ComplaintServiceTest@7fc229ab]" started-at="2025-10-07T14:59:05 IST" name="setUp" finished-at="2025-10-07T14:59:05 IST" duration-ms="1" status="PASS">
          <reporter-output>
          </reporter-output>
        </test-method> <!-- setUp -->
        <test-method is-config="true" signature="setUp()[pri:0, instance:com.city.service.ComplaintServiceTest@7fc229ab]" started-at="2025-10-07T14:59:05 IST" name="setUp" finished-at="2025-10-07T14:59:05 IST" duration-ms="0" status="PASS">
          <reporter-output>
          </reporter-output>
        </test-method> <!-- setUp -->
        <test-method signature="testUpdateComplaintStatus(int)[pri:0, instance:com.city.service.ComplaintServiceTest@7fc229ab]" started-at="2025-10-07T14:59:05 IST" name="testUpdateComplaintStatus" data-provider="Iteration" finished-at="2025-10-07T14:59:05 IST" duration-ms="1" status="PASS">
          <params>
            <param index="0">
              <value>
                <![CDATA[6]]>
              </value>
            </param>
          </params>
          <reporter-output>
          </reporter-output>
        </test-method> <!-- testUpdateComplaintStatus -->
        <test-method signature="testUpdateComplaintStatus(int)[pri:0, instance:com.city.service.ComplaintServiceTest@7fc229ab]" started-at="2025-10-07T14:59:05 IST" name="testUpdateComplaintStatus" data-provider="Iteration" finished-at="2025-10-07T14:59:05 IST" duration-ms="0" status="PASS">
          <params>
            <param index="0">
              <value>
                <![CDATA[5]]>
              </value>
            </param>
          </params>
          <reporter-output>
          </reporter-output>
        </test-method> <!-- testUpdateComplaintStatus -->
        <test-method is-config="true" signature="setUp()[pri:0, instance:com.city.service.ComplaintServiceTest@7fc229ab]" started-at="2025-10-07T14:59:05 IST" name="setUp" finished-at="2025-10-07T14:59:05 IST" duration-ms="0" status="PASS">
          <reporter-output>
          </reporter-output>
        </test-method> <!-- setUp -->
        <test-method signature="testUpdateComplaintStatus(int)[pri:0, instance:com.city.service.ComplaintServiceTest@7fc229ab]" started-at="2025-10-07T14:59:05 IST" name="testUpdateComplaintStatus" data-provider="Iteration" finished-at="2025-10-07T14:59:05 IST" duration-ms="0" status="PASS">
          <params>
            <param index="0">
              <value>
                <![CDATA[8]]>
              </value>
            </param>
          </params>
          <reporter-output>
          </reporter-output>
        </test-method> <!-- testUpdateComplaintStatus -->
        <test-method signature="testUpdateComplaintStatus(int)[pri:0, instance:com.city.service.ComplaintServiceTest@7fc229ab]" started-at="2025-10-07T14:59:05 IST" name="testUpdateComplaintStatus" data-provider="Iteration" finished-at="2025-10-07T14:59:05 IST" duration-ms="0" status="PASS">
          <params>
            <param index="0">
              <value>
                <![CDATA[7]]>
              </value>
            </param>
          </params>
          <reporter-output>
          </reporter-output>
        </test-method> <!-- testUpdateComplaintStatus -->
        <test-method is-config="true" signature="setUp()[pri:0, instance:com.city.service.ComplaintServiceTest@7fc229ab]" started-at="2025-10-07T14:59:05 IST" name="setUp" finished-at="2025-10-07T14:59:05 IST" duration-ms="0" status="PASS">
          <reporter-output>
          </reporter-output>
        </test-method> <!-- setUp -->
        <test-method is-config="true" signature="setUp()[pri:0, instance:com.city.service.ComplaintServiceTest@7fc229ab]" started-at="2025-10-07T14:59:05 IST" name="setUp" finished-at="2025-10-07T14:59:05 IST" duration-ms="0" status="PASS">
          <reporter-output>
          </reporter-output>
        </test-method> <!-- setUp -->
        <test-method signature="testUpdateComplaintStatus(int)[pri:0, instance:com.city.service.ComplaintServiceTest@7fc229ab]" started-at="2025-10-07T14:59:05 IST" name="testUpdateComplaintStatus" data-provider="Iteration" finished-at="2025-10-07T14:59:05 IST" duration-ms="0" status="PASS">
          <params>
            <param index="0">
              <value>
                <![CDATA[9]]>
              </value>
            </param>
          </params>
          <reporter-output>
          </reporter-output>
        </test-method> <!-- testUpdateComplaintStatus -->
        <test-method is-config="true" signature="setUp()[pri:0, instance:com.city.service.ComplaintServiceTest@7fc229ab]" started-at="2025-10-07T14:59:05 IST" name="setUp" finished-at="2025-10-07T14:59:05 IST" duration-ms="0" status="PASS">
          <reporter-output>
          </reporter-output>
        </test-method> <!-- setUp -->
        <test-method is-config="true" signature="setUp()[pri:0, instance:com.city.service.ComplaintServiceTest@7fc229ab]" started-at="2025-10-07T14:59:05 IST" name="setUp" finished-at="2025-10-07T14:59:05 IST" duration-ms="0" status="PASS">
          <reporter-output>
          </reporter-output>
        </test-method> <!-- setUp -->
        <test-method signature="testUpdateComplaintStatusWithEmptyComplaintId()[pri:0, instance:com.city.service.ComplaintServiceTest@7fc229ab]" started-at="2025-10-07T14:59:05 IST" name="testUpdateComplaintStatusWithEmptyComplaintId" finished-at="2025-10-07T14:59:05 IST" duration-ms="0" status="PASS">
          <exception class="com.city.exception.InvalidInputException">
            <message>
              <![CDATA[Complaint ID cannot be null or empty]]>
            </message>
            <full-stacktrace>
              <![CDATA[com.city.exception.InvalidInputException: Complaint ID cannot be null or empty
at com.city.service.ComplaintService.updateComplaintStatus(ComplaintService.java:61)
at com.city.service.ComplaintServiceTest.testUpdateComplaintStatusWithEmptyComplaintId(ComplaintServiceTest.java:187)
at java.base/jdk.internal.reflect.DirectMethodHandleAccessor.invoke(DirectMethodHandleAccessor.java:104)
at java.base/java.lang.reflect.Method.invoke(Method.java:565)
at org.testng.internal.invokers.MethodInvocationHelper.invokeMethod(MethodInvocationHelper.java:141)
at org.testng.internal.invokers.TestInvoker.invokeMethod(TestInvoker.java:687)
at org.testng.internal.invokers.TestInvoker.invokeTestMethod(TestInvoker.java:230)
at org.testng.internal.invokers.MethodRunner.runInSequence(MethodRunner.java:63)
at org.testng.internal.invokers.TestInvoker$MethodInvocationAgent.invoke(TestInvoker.java:995)
at org.testng.internal.invokers.TestInvoker.invokeTestMethods(TestInvoker.java:203)
at org.testng.internal.invokers.TestMethodWorker.invokeTestMethods(TestMethodWorker.java:154)
at org.testng.internal.invokers.TestMethodWorker.run(TestMethodWorker.java:134)
at java.base/java.util.ArrayList.forEach(ArrayList.java:1604)
at org.testng.TestRunner.privateRun(TestRunner.java:741)
[...]
          <reporter-output>
          </reporter-output>
        </test-method> <!-- cleanUp -->
        <test-method signature="testUpdateTrafficDensityWithDataProvider(java.lang.String,int)[pri:0, instance:com.city.service.TrafficManagementServiceTest@527e5409]" started-at="2025-10-07T14:59:05 IST" name="testUpdateTrafficDensityWithDataProvider" data-provider="trafficDensityData" finished-at="2025-10-07T14:59:05 IST" duration-ms="0" status="PASS">
          <params>
            <param index="0">
              <value>
                <![CDATA[TS010]]>
              </value>
            </param>
            <param index="1">
              <value>
                <![CDATA[20]]>
              </value>
            </param>
          </params>
          <reporter-output>
          </reporter-output>
        </test-method> <!-- testUpdateTrafficDensityWithDataProvider -->
        <test-method signature="testUpdateTrafficDensityWithDataProvider(java.lang.String,int)[pri:0, instance:com.city.service.TrafficManagementServiceTest@527e5409]" started-at="2025-10-07T14:59:05 IST" name="testUpdateTrafficDensityWithDataProvider" data-provider="trafficDensityData" finished-at="2025-10-07T14:59:05 IST" duration-ms="0" status="PASS">
          <params>
            <param index="0">
              <value>
                <![CDATA[TS008]]>
              </value>
            </param>
            <param index="1">
              <value>
                <![CDATA[80]]>
              </value>
            </param>
          </params>
          <reporter-output>
          </reporter-output>
        </test-method> <!-- testUpdateTrafficDensityWithDataProvider -->
        <test-method is-config="true" signature="cleanUp()[pri:0, instance:com.city.service.TrafficManagementServiceTest@527e5409]" started-at="2025-10-07T14:59:05 IST" name="cleanUp" finished-at="2025-10-07T14:59:05 IST" duration-ms="0" status="PASS">
          <reporter-output>
          </reporter-output>
        </test-method> <!-- cleanUp -->
        <test-method is-config="true" signature="setUp()[pri:0, instance:com.city.service.TrafficManagementServiceTest@527e5409]" started-at="2025-10-07T14:59:05 IST" name="setUp" finished-at="2025-10-07T14:59:05 IST" duration-ms="0" status="PASS">
          <reporter-output>
          </reporter-output>
        </test-method> <!-- setUp -->
        <test-method is-config="true" signature="setUp()[pri:0, instance:com.city.service.TrafficManagementServiceTest@527e5409]" started-at="2025-10-07T14:59:05 IST" name="setUp" finished-at="2025-10-07T14:59:05 IST" duration-ms="0" status="PASS">
          <reporter-output>
          </reporter-output>
        </test-method> <!-- setUp -->
        <test-method signature="testUpdateTrafficDensityWithEmptyString()[pri:0, instance:com.city.service.TrafficManagementServiceTest@527e5409]" started-at="2025-10-07T14:59:05 IST" name="testUpdateTrafficDensityWithEmptyString" finished-at="2025-10-07T14:59:05 IST" duration-ms="0" status="PASS">
          <exception class="com.city.exception.InvalidInputException">
            <message>
              <![CDATA[Sensor ID cannot be null or empty]]>
            </message>
            <full-stacktrace>
              <![CDATA[com.city.exception.InvalidInputException: Sensor ID cannot be null or empty
at com.city.service.TrafficManagementService.updateTrafficDensity(TrafficManagementService.java:25)
at com.city.service.TrafficManagementServiceTest.testUpdateTrafficDensityWithEmptyString(TrafficManagementServiceTest.java:87)
at java.base/jdk.internal.reflect.DirectMethodHandleAccessor.invoke(DirectMethodHandleAccessor.java:104)
at java.base/java.lang.reflect.Method.invoke(Method.java:565)
at org.testng.internal.invokers.MethodInvocationHelper.invokeMethod(MethodInvocationHelper.java:141)
at org.testng.internal.invokers.TestInvoker.invokeMethod(TestInvoker.java:687)
at org.testng.internal.invokers.TestInvoker.invokeTestMethod(TestInvoker.java:230)
at org.testng.internal.invokers.MethodRunner.runInSequence(MethodRunner.java:63)
at org.testng.internal.invokers.TestInvoker$MethodInvocationAgent.invoke(TestInvoker.java:995)
at org.testng.internal.invokers.TestInvoker.invokeTestMethods(TestInvoker.java:203)
at org.testng.internal.invokers.TestMethodWorker.invokeTestMethods(TestMethodWorker.java:154)
at org.testng.internal.invokers.TestMethodWorker.run(TestMethodWorker.java:134)
at java.base/java.util.ArrayList.forEach(ArrayList.java:1604)
at org.testng.TestRunner.privateRun(TestRunner.java:741)
at org.testng.TestRunner.run(TestRunner.java:616)
at org.testng.SuiteRunner.runTest(SuiteRunner.java:421)
at org.testng.SuiteRunner.runSequentially(SuiteRunner.java:413)
at org.testng.SuiteRunner.privateRun(SuiteRunner.java:373)
at org.testng.SuiteRunner.run(SuiteRunner.java:312)
at org.testng.SuiteRunnerWorker.runSuite(SuiteRunnerWorker.java:52)
at org.testng.SuiteRunnerWorker.run(SuiteRunnerWorker.java:95)
at org.testng.TestNG.runSuitesSequentially(TestNG.java:1274)
at org.testng.TestNG.runSuitesLocally(TestNG.java:1208)
at org.testng.TestNG.runSuites(TestNG.java:1112)
at org.testng.TestNG.run(TestNG.java:1079)
at org.apache.maven.surefire.testng.TestNGExecutor.run(TestNGExecutor.java:155)
at org.apache.maven.surefire.testng.TestNGDirectoryTestSuite.executeMulti(TestNGDirectoryTestSuite.java:169)
at org.apache.maven.surefire.testng.TestNGDirectoryTestSuite.execute(TestNGDirectoryTestSuite.java:88)
at org.apache.maven.surefire.testng.TestNGProvider.invoke(TestNGProvider.java:137)
at org.apache.maven.surefire.booter.ForkedBooter.runSuitesInProcess(ForkedBooter.java:385)
at org.apache.maven.surefire.booter.ForkedBooter.execute(ForkedBooter.java:162)
at org.apache.maven.surefire.booter.ForkedBooter.run(ForkedBooter.java:507)
at org.apache.maven.surefire.booter.ForkedBooter.main(ForkedBooter.java:495)
]]>
            </full-stacktrace>
          </exception> <!-- com.city.exception.InvalidInputException -->
          <reporter-output>
          </reporter-output>
        </test-method> <!-- testUpdateTrafficDensityWithEmptyString -->
        <test-method is-config="true" signature="cleanUp()[pri:0, instance:com.city.service.TrafficManagementServiceTest@527e5409]" started-at="2025-10-07T14:59:05 IST" name="cleanUp" finished-at="2025-10-07T14:59:05 IST" duration-ms="0" status="PASS">
          <reporter-output>
          </reporter-output>
        </test-method> <!-- cleanUp -->
        <test-method is-config="true" signature="setUp()[pri:0, instance:com.city.service.TrafficManagementServiceTest@527e5409]" started-at="2025-10-07T14:59:05 IST" name="setUp" finished-at="2025-10-07T14:59:05 IST" duration-ms="0" status="PASS">
          <reporter-output>
          </reporter-output>
        </test-method> <!-- setUp -->
        <test-method is-config="true" signature="cleanUp()[pri:0, instance:com.city.service.TrafficManagementServiceTest@527e5409]" started-at="2025-10-07T14:59:05 IST" name="cleanUp" finished-at="2025-10-07T14:59:05 IST" duration-ms="0" status="PASS">
          <reporter-output>
          </reporter-output>
        </test-method> <!-- cleanUp -->
        <test-method signature="testUpdateTrafficDensityWithNegativeDensity()[pri:0, instance:com.city.service.TrafficManagementServiceTest@527e5409]" started-at="2025-10-07T14:59:05 IST" name="testUpdateTrafficDensityWithNegativeDensity" finished-at="2025-10-07T14:59:05 IST" duration-ms="0" status="PASS">
          <exception class="com.city.exception.InvalidInputException">
            <message>
              <![CDATA[Traffic Density cannot be negative]]>
            </message>
            <full-stacktrace>
              <![CDATA[com.city.exception.InvalidInputException: Traffic Density cannot be negative
at com.city.service.TrafficManagementService.updateTrafficDensity(TrafficManagementService.java:28)
at com.city.service.TrafficManagementServiceTest.testUpdateTrafficDensityWithNegativeDensity(TrafficManagementServiceTest.java:92)
at java.base/jdk.internal.reflect.DirectMethodHandleAccessor.invoke(DirectMethodHandleAccessor.java:104)
at java.base/java.lang.reflect.Method.invoke(Method.java:565)
at org.testng.internal.invokers.MethodInvocationHelper.invokeMethod(MethodInvocationHelper.java:141)
at org.testng.internal.invokers.TestInvoker.invokeMethod(TestInvoker.java:687)
at org.testng.internal.invokers.TestInvoker.invokeTestMethod(TestInvoker.java:230)
at org.testng.internal.invokers.MethodRunner.runInSequence(MethodRunner.java:63)
at org.testng.internal.invokers.TestInvoker$MethodInvocationAgent.invoke(TestInvoker.java:995)
at org.testng.internal.invokers.TestInvoker.invokeTestMethods(TestInvoker.java:203)
at org.testng.internal.invokers.TestMethodWorker.invokeTestMethods(TestMethodWorker.java:154)
at org.testng.internal.invokers.TestMethodWorker.run(TestMethodWorker.java:134)
at java.base/java.util.ArrayList.forEach(ArrayList.java:1604)
at org.testng.TestRunner.privateRun(TestRunner.java:741)
at org.testng.TestRunner.run(TestRunner.java:616)
at org.testng.SuiteRunner.runTest(SuiteRunner.java:421)
at org.testng.SuiteRunner.runSequentially(SuiteRunner.java:413)
at org.testng.SuiteRunner.privateRun(SuiteRunner.java:373)
at org.testng.SuiteRunner.run(SuiteRunner.java:312)
at org.testng.SuiteRunnerWorker.runSuite(SuiteRunnerWorker.java:52)
at org.testng.SuiteRunnerWorker.run(SuiteRunnerWorker.java:95)
at org.testng.TestNG.runSuitesSequentially(TestNG.java:1274)
at org.testng.TestNG.runSuitesLocally(TestNG.java:1208)
at org.testng.TestNG.runSuites(TestNG.java:1112)
at org.testng.TestNG.run(TestNG.java:1079)
at org.apache.maven.surefire.testng.TestNGExecutor.run(TestNGExecutor.java:155)
at org.apache.maven.surefire.testng.TestNGDirectoryTestSuite.executeMulti(TestNGDirectoryTestSuite.java:169)
at org.apache.maven.surefire.testng.TestNGDirectoryTestSuite.execute(TestNGDirectoryTestSuite.java:88)
at org.apache.maven.surefire.testng.TestNGProvider.invoke(TestNGProvider.java:137)
at org.apache.maven.surefire.booter.ForkedBooter.runSuitesInProcess(ForkedBooter.java:385)
at org.apache.maven.surefire.booter.ForkedBooter.execute(ForkedBooter.java:162)
at org.apache.maven.surefire.booter.ForkedBooter.run(ForkedBooter.java:507)
at org.apache.maven.surefire.booter.ForkedBooter.main(ForkedBooter.java:495)
]]>
            </full-stacktrace>
          </exception> <!-- com.city.exception.InvalidInputException -->
          <reporter-output>
          </reporter-output>
        </test-method> <!-- testUpdateTrafficDensityWithNegativeDensity -->
        <test-method is-config="true" signature="setUp()[pri:0, instance:com.city.service.TrafficManagementServiceTest@527e5409]" started-at="2025-10-07T14:59:05 IST" name="setUp" finished-at="2025-10-07T14:59:05 IST" duration-ms="0" status="PASS">
          <reporter-output>
          </reporter-output>
        </test-method> <!-- setUp -->
        <test-method is-config="true" signature="cleanUp()[pri:0, instance:com.city.service.TrafficManagementServiceTest@527e5409]" started-at="2025-10-07T14:59:05 IST" name="cleanUp" finished-at="2025-10-07T14:59:05 IST" duration-ms="0" status="PASS">
          <reporter-output>
          </reporter-output>
        </test-method> <!-- cleanUp -->
        <test-method signature="testUpdateTrafficDensityWithNonExistingSensor()[pri:0, instance:com.city.service.TrafficManagementServiceTest@527e5409]" started-at="2025-10-07T14:59:05 IST" name="testUpdateTrafficDensityWithNonExistingSensor" finished-at="2025-10-07T14:59:05 IST" duration-ms="0" status="PASS">
          <exception class="com.city.exception.ServiceUnavailableException">
            <message>
              <![CDATA[Sensor with ID WRONG_SENSOR not found]]>
            </message>
            <full-stacktrace>
              <![CDATA[com.city.exception.ServiceUnavailableException: Sensor with ID WRONG_SENSOR not found
at com.city.service.TrafficManagementService.updateTrafficDensity(TrafficManagementService.java:33)
at com.city.service.TrafficManagementServiceTest.testUpdateTrafficDensityWithNonExistingSensor(TrafficManagementServiceTest.java:97)
at java.base/jdk.internal.reflect.DirectMethodHandleAccessor.invoke(DirectMethodHandleAccessor.java:104)
at java.base/java.lang.reflect.Method.invoke(Method.java:565)
at org.testng.internal.invokers.MethodInvocationHelper.invokeMethod(MethodInvocationHelper.java:141)
at org.testng.internal.invokers.TestInvoker.invokeMethod(TestInvoker.java:687)
at org.testng.internal.invokers.TestInvoker.invokeTestMethod(TestInvoker.java:230)
at org.testng.internal.invokers.MethodRunner.runInSequence(MethodRunner.java:63)
at org.testng.internal.invokers.TestInvoker$MethodInvocationAgent.invoke(TestInvoker.java:995)
at org.testng.internal.invokers.TestInvoker.invokeTestMethods(TestInvoker.java:203)
at org.testng.internal.invokers.TestMethodWorker.invokeTestMethods(TestMethodWorker.java:154)
at org.testng.internal.invokers.TestMethodWorker.run(TestMethodWorker.java:134)
at java.base/java.util.ArrayList.forEach(ArrayList.java:1604)
at org.testng.TestRunner.privateRun(TestRunner.java:741)
at org.testng.TestRunner.run(TestRunner.java:616)
at org.testng.SuiteRunner.runTest(SuiteRunner.java:421)
at org.testng.SuiteRunner.runSequentially(SuiteRunner.java:413)
at org.testng.SuiteRunner.privateRun(SuiteRunner.java:373)
at org.testng.SuiteRunner.run(SuiteRunner.java:312)
at org.testng.SuiteRunnerWorker.runSuite(SuiteRunnerWorker.java:52)
at org.testng.SuiteRunnerWorker.run(SuiteRunnerWorker.java:95)
at org.testng.TestNG.runSuitesSequentially(TestNG.java:1274)
at org.testng.TestNG.runSuitesLocally(TestNG.java:1208)
at org.testng.TestNG.runSuites(TestNG.java:1112)
at org.testng.TestNG.run(TestNG.java:1079)
at org.apache.maven.surefire.testng.TestNGExecutor.run(TestNGExecutor.java:155)
at org.apache.maven.surefire.testng.TestNGDirectoryTestSuite.executeMulti(TestNGDirectoryTestSuite.java:169)
at org.apache.maven.surefire.testng.TestNGDirectoryTestSuite.execute(TestNGDirectoryTestSuite.java:88)
at org.apache.maven.surefire.testng.TestNGProvider.invoke(TestNGProvider.java:137)
at org.apache.maven.surefire.booter.ForkedBooter.runSuitesInProcess(ForkedBooter.java:385)
at org.apache.maven.surefire.booter.ForkedBooter.execute(ForkedBooter.java:162)
at org.apache.maven.surefire.booter.ForkedBooter.run(ForkedBooter.java:507)
at org.apache.maven.surefire.booter.ForkedBooter.main(ForkedBooter.java:495)
]]>
            </full-stacktrace>
          </exception> <!-- com.city.exception.ServiceUnavailableException -->
          <reporter-output>
          </reporter-output>
        </test-method> <!-- testUpdateTrafficDensityWithNonExistingSensor -->
        <test-method signature="testUpdateTrafficDensityWithNull()[pri:0, instance:com.city.service.TrafficManagementServiceTest@527e5409]" started-at="2025-10-07T14:59:05 IST" name="testUpdateTrafficDensityWithNull" finished-at="2025-10-07T14:59:05 IST" duration-ms="1" status="PASS">
          <exception class="com.city.exception.InvalidInputException">
            <message>
              <![CDATA[Sensor ID cannot be null or empty]]>
            </message>
            <full-stacktrace>
              <![CDATA[com.city.exception.InvalidInputException: Sensor ID cannot be null or empty
at com.city.service.TrafficManagementService.updateTrafficDensity(TrafficManagementService.java:25)
at com.city.service.TrafficManagementServiceTest.testUpdateTrafficDensityWithNull(TrafficManagementServiceTest.java:82)
at java.base/jdk.internal.reflect.DirectMethodHandleAccessor.invoke(DirectMethodHandleAccessor.java:104)
at java.base/java.lang.reflect.Method.invoke(Method.java:565)
at org.testng.internal.invokers.MethodInvocationHelper.invokeMethod(MethodInvocationHelper.java:141)
at org.testng.internal.invokers.TestInvoker.invokeMethod(TestInvoker.java:687)
at org.testng.internal.invokers.TestInvoker.invokeTestMethod(TestInvoker.java:230)
at org.testng.internal.invokers.MethodRunner.runInSequence(MethodRunner.java:63)
at org.testng.internal.invokers.TestInvoker$MethodInvocationAgent.invoke(TestInvoker.java:995)
at org.testng.internal.invokers.TestInvoker.invokeTestMethods(TestInvoker.java:203)
at org.testng.internal.invokers.TestMethodWorker.invokeTestMethods(TestMethodWorker.java:154)
at org.testng.internal.invokers.TestMethodWorker.run(TestMethodWorker.java:134)
at java.base/java.util.ArrayList.forEach(ArrayList.java:1604)
at org.testng.TestRunner.privateRun(TestRunner.java:741)
at org.testng.TestRunner.run(TestRunner.java:616)
at org.testng.SuiteRunner.runTest(SuiteRunner.java:421)
at org.testng.SuiteRunner.runSequentially(SuiteRunner.java:413)
at org.testng.SuiteRunner.privateRun(SuiteRunner.java:373)
at org.testng.SuiteRunner.run(SuiteRunner.java:312)
at org.testng.SuiteRunnerWorker.runSuite(SuiteRunnerWorker.java:52)
at org.testng.SuiteRunnerWorker.run(SuiteRunnerWorker.java:95)
at org.testng.TestNG.runSuitesSequentially(TestNG.java:1274)
at org.testng.TestNG.runSuitesLocally(TestNG.java:1208)
at org.testng.TestNG.runSuites(TestNG.java:1112)
at org.testng.TestNG.run(TestNG.java:1079)
at org.apache.maven.surefire.testng.TestNGExecutor.run(TestNGExecutor.java:155)
at org.apache.maven.surefire.testng.TestNGDirectoryTestSuite.executeMulti(TestNGDirectoryTestSuite.java:169)
at org.apache.maven.surefire.testng.TestNGDirectoryTestSuite.execute(TestNGDirectoryTestSuite.java:88)
at org.apache.maven.surefire.testng.TestNGProvider.invoke(TestNGProvider.java:137)
at org.apache.maven.surefire.booter.ForkedBooter.runSuitesInProcess(ForkedBooter.java:385)
at org.apache.maven.surefire.booter.ForkedBooter.execute(ForkedBooter.java:162)
at org.apache.maven.surefire.booter.ForkedBooter.run(ForkedBooter.java:507)
at org.apache.maven.surefire.booter.ForkedBooter.main(ForkedBooter.java:495)
]]>
            </full-stacktrace>
          </exception> <!-- com.city.exception.InvalidInputException -->
          <reporter-output>
          </reporter-output>
        </test-method> <!-- testUpdateTrafficDensityWithNull -->
        <test-method is-config="true" signature="setUp()[pri:0, instance:com.city.service.TrafficManagementServiceTest@527e5409]" started-at="2025-10-07T14:59:05 IST" name="setUp" finished-at="2025-10-07T14:59:05 IST" duration-ms="0" status="PASS">
          <reporter-output>
          </reporter-output>
        </test-method> <!-- setUp -->
        <test-method is-config="true" signature="cleanUp()[pri:0, instance:com.city.service.TrafficManagementServiceTest@527e5409]" started-at="2025-10-07T14:59:05 IST" name="cleanUp" finished-at="2025-10-07T14:59:05 IST" duration-ms="0" status="PASS">
          <reporter-output>
          </reporter-output>
        </test-method> <!-- cleanUp -->
        <test-method is-config="true" signature="setUp()[pri:0, instance:com.city.service.TrafficManagementServiceTest@527e5409]" started-at="2025-10-07T14:59:05 IST" name="setUp" finished-at="2025-10-07T14:59:05 IST" duration-ms="0" status="PASS">
          <reporter-output>
          </reporter-output>
        </test-method> <!-- setUp -->
        <test-method is-config="true" signature="cleanUp()[pri:0, instance:com.city.service.TrafficManagementServiceTest@527e5409]" started-at="2025-10-07T14:59:05 IST" name="cleanUp" finished-at="2025-10-07T14:59:05 IST" duration-ms="0" status="PASS">
          <reporter-output>
          </reporter-output>
        </test-method> <!-- cleanUp -->
      </class> <!-- com.city.service.TrafficManagementServiceTest -->
    </test> <!-- Surefire test -->
  </suite> <!-- Surefire suite -->
</testng-results>
