<?xml version="1.0" encoding="UTF-8"?>
<testsuite xmlns:xsi="http://www.w3.org/2001/XMLSchema-instance" xsi:noNamespaceSchemaLocation="https://maven.apache.org/surefire/maven-surefire-plugin/xsd/surefire-test-report-3.0.xsd" version="3.0" name="TestSuite" time="0.788" tests="104" errors="0" skipped="0" failures="0">
  <properties>
[...]
</properties>
  <testcase name="testGenerateEmergencyReport" classname="com.city.service.AnalyticsServiceTest" time="0.006"/>
  <testcase name="testGenerateEmergencyReport_NoData" classname="com.city.service.AnalyticsServiceTest" time="0.0"/>
  <testcase name="testGenerateTrafficReport" classname="com.city.service.AnalyticsServiceTest" time="0.0"/>
  <testcase name="testGenerateTrafficReportWithNoData" classname="com.city.service.AnalyticsServiceTest" time="0.001"/>
  <testcase name="testGenerateUtilityConsumptionReport" classname="com.city.service.AnalyticsServiceTest" time="0.001"/>
  <testcase name="testGenerateUtilityConsumptionReportWithNoData" classname="com.city.service.AnalyticsServiceTest" time="0.0"/>
  <testcase name="testGetComplaintStatistics" classname="com.city.service.AnalyticsServiceTest" time="0.001"/>
  <testcase name="testGetComplaintStatisticsWithNoData" classname="com.city.service.AnalyticsServiceTest" time="0.0"/>
  <testcase name="testComplaintIdAutoGeneration" classname="com.city.service.ComplaintServiceTest" time="0.001"/>
  <testcase name="testGetComplaintsByPriority" classname="com.city.service.ComplaintServiceTest" time="0.001"/>
  <testcase name="testGetComplaintsByPriorityWithNullPriority" classname="com.city.service.ComplaintServiceTest" time="0.002"/>
  <testcase name="testRegisterComplaint[C009, ELECTRICITY, Flickering lights in building, LOW](1)" classname="com.city.service.ComplaintServiceTest" time="0.008"/>
  <testcase name="testRegisterComplaint[C010, ROAD, Cracked pavement causing accidents, HIGH](2)" classname="com.city.service.ComplaintServiceTest" time="0.0"/>
  <testcase name="testRegisterComplaint[C011, WATER, No water supply since yesterday, MEDIUM](3)" classname="com.city.service.ComplaintServiceTest" time="0.0"/>
  <testcase name="testRegisterComplaint[C012, ELECTRICITY, Electrical wiring exposed on pole, LOW](4)" classname="com.city.service.ComplaintServiceTest" time="0.0"/>
  <testcase name="testRegisterComplaintWithEmptyCitizenId" classname="com.city.service.ComplaintServiceTest" time="0.0"/>
  <testcase name="testRegisterComplaintWithEmptyDescription" classname="com.city.service.ComplaintServiceTest" time="0.001"/>
  <testcase name="testRegisterComplaintWithInvalidData[null, ROAD, Description, HIGH](1)" classname="com.city.service.ComplaintServiceTest" time="0.0"/>
  <testcase name="testRegisterComplaintWithInvalidData[, ROAD, Description, HIGH](2)" classname="com.city.service.ComplaintServiceTest" time="0.001"/>
  <testcase name="testRegisterComplaintWithInvalidData[C001, null, Description, HIGH](3)" classname="com.city.service.ComplaintServiceTest" time="0.0"/>
  <testcase name="testRegisterComplaintWithInvalidData[C001, ROAD, null, HIGH](4)" classname="com.city.service.ComplaintServiceTest" time="0.0"/>
  <testcase name="testRegisterComplaintWithInvalidData[C001, ROAD, , HIGH](5)" classname="com.city.service.ComplaintServiceTest" time="0.0"/>
  <testcase name="testRegisterComplaintWithInvalidData[C001, ROAD, Description, null](6)" classname="com.city.service.ComplaintServiceTest" time="0.0"/>
  <testcase name="testRegisterComplaintWithInvalidData[NON_EXISTENT, ROAD, Description, HIGH](7)" classname="com.city.service.ComplaintServiceTest" time="0.0"/>
  <testcase name="testRegisterComplaintWithNonExistentCitizen" classname="com.city.service.ComplaintServiceTest" time="0.0"/>
  <testcase name="testRegisterComplaintWithNullCategory" classname="com.city.service.ComplaintServiceTest" time="0.0"/>
  <testcase name="testRegisterComplaintWithNullCitizenId" classname="com.city.service.ComplaintServiceTest" time="0.001"/>
  <testcase name="testRegisterComplaintWithNullDescription" classname="com.city.service.ComplaintServiceTest" time="0.001"/>
  <testcase name="testRegisterComplaintWithNullPriority" classname="com.city.service.ComplaintServiceTest" time="0.001"/>
  <testcase name="testUpdateComplaintStatus[0](1)" classname="com.city.service.ComplaintServiceTest" time="0.0"/>
  <testcase name="testUpdateComplaintStatus[1](2)" classname="com.city.service.ComplaintServiceTest" time="0.001"/>
  <testcase name="testUpdateComplaintStatus[2](3)" classname="com.city.service.ComplaintServiceTest" time="0.0"/>
  <testcase name="testUpdateComplaintStatus[3](4)" classname="com.city.service.ComplaintServiceTest" time="0.0"/>
  <testcase name="testUpdateComplaintStatus[4](5)" classname="com.city.service.ComplaintServiceTest" time="0.0"/>
  <testcase name="testUpdateComplaintStatus[5](6)" classname="com.city.service.ComplaintServiceTest" time="0.0"/>
  <testcase name="testUpdateComplaintStatus[6](7)" classname="com.city.service.ComplaintServiceTest" time="0.0"/>
  <testcase name="testUpdateComplaintStatus[7](8)" classname="com.city.service.ComplaintServiceTest" time="0.0"/>
  <testcase name="testUpdateComplaintStatus[8](9)" classname="com.city.service.ComplaintServiceTest" time="0.0"/>
  <testcase name="testUpdateComplaintStatus[9](10)" classname="com.city.service.ComplaintServiceTest" time="0.0"/>
  <testcase name="testUpdateComplaintStatusWithEmptyComplaintId" classname="com.city.service.ComplaintServiceTest" time="0.0"/>
  <testcase name="testUpdateComplaintStatusWithNonExistentComplaint" classname="com.city.service.ComplaintServiceTest" time="0.0"/>
  <testcase name="testUpdateComplaintStatusWithNullStatus" classname="com.city.service.ComplaintServiceTest" time="0.0"/>
  <testcase name="testUpdateComplaintStatus_NullComplaintId_ThrowsException" classname="com.city.service.ComplaintServiceTest" time="0.0"/>
  <testcase name="testDispatchEmergencyService" classname="com.city.service.EmergencyServiceTest" time="0.0"/>
  <testcase name="testDispatchEmergencyServiceForAlreadyResolvedAlert" classname="com.city.service.EmergencyServiceTest" time="0.0"/>
  <testcase name="testDispatchEmergencyServiceForNonExistentAlert" classname="com.city.service.EmergencyServiceTest" time="0.0"/>
  <testcase name="testDispatchEmergencyServiceWithEmptyAlertId" classname="com.city.service.EmergencyServiceTest" time="0.0"/>
  <testcase name="testDispatchEmergencyServiceWithNullAlertId" classname="com.city.service.EmergencyServiceTest" time="0.0"/>
  <testcase name="testGetActiveEmergencies" classname="com.city.service.EmergencyServiceTest" time="0.0"/>
  <testcase name="testGetEmergenciesByStatus" classname="com.city.service.EmergencyServiceTest" time="0.0"/>
  <testcase name="testRaiseEmergencyAlert" classname="com.city.service.EmergencyServiceTest" time="0.0"/>
  <testcase name="testRaiseEmergencyAlertForHighSeverityCapacityExceeded" classname="com.city.service.EmergencyServiceTest" time="0.0"/>
  <testcase name="testRaiseEmergencyAlertWithEmptyLocation" classname="com.city.service.EmergencyServiceTest" time="0.001"/>
  <testcase name="testRaiseEmergencyAlertWithNullLocation" classname="com.city.service.EmergencyServiceTest" time="0.001"/>
  <testcase name="testRaiseEmergencyAlertWithNullSeverity" classname="com.city.service.EmergencyServiceTest" time="0.0"/>
  <testcase name="testRaiseEmergencyAlertWithNullType" classname="com.city.service.EmergencyServiceTest" time="0.0"/>
  <testcase name="testRaiseEmergencyAlert_InvalidData_ThrowsException[null, Location, HIGH](1)" classname="com.city.service.EmergencyServiceTest" time="0.003"/>
  <testcase name="testRaiseEmergencyAlert_InvalidData_ThrowsException[FIRE, null, HIGH](2)" classname="com.city.service.EmergencyServiceTest" time="0.0"/>
  <testcase name="testRaiseEmergencyAlert_InvalidData_ThrowsException[FIRE, , HIGH](3)" classname="com.city.service.EmergencyServiceTest" time="0.0"/>
  <testcase name="testRaiseEmergencyAlert_InvalidData_ThrowsException[FIRE, Location, null](4)" classname="com.city.service.EmergencyServiceTest" time="0.001"/>
  <testcase name="testHighTrafficAreas" classname="com.city.service.TrafficManagementServiceTest" time="0.0"/>
  <testcase name="testHighTrafficAreasForInactiveSensor" classname="com.city.service.TrafficManagementServiceTest" time="0.0"/>
  <testcase name="testHighTrafficAreasWithNegativeThreshold" classname="com.city.service.TrafficManagementServiceTest" time="0.001"/>
  <testcase name="testOptimizeTrafficSignal" classname="com.city.service.TrafficManagementServiceTest" time="0.0"/>
  <testcase name="testOptimizeTrafficSignalForInactiveArea" classname="com.city.service.TrafficManagementServiceTest" time="0.0"/>
  <testcase name="testOptimizeTrafficSignalWithEmptyString" classname="com.city.service.TrafficManagementServiceTest" time="0.0"/>
  <testcase name="testOptimizeTrafficSignalWithNull" classname="com.city.service.TrafficManagementServiceTest" time="0.0"/>
  <testcase name="testOptimizeTrafficSignalWithWrongArea" classname="com.city.service.TrafficManagementServiceTest" time="0.0"/>
  <testcase name="testUpdateTrafficDensity" classname="com.city.service.TrafficManagementServiceTest" time="0.0"/>
  <testcase name="testUpdateTrafficDensityForInactiveSensor" classname="com.city.service.TrafficManagementServiceTest" time="0.001"/>
  <testcase name="testUpdateTrafficDensityWithDataProvider[TS003, 40](1)" classname="com.city.service.TrafficManagementServiceTest" time="0.002"/>
  <testcase name="testUpdateTrafficDensityWithDataProvider[TS008, 80](2)" classname="com.city.service.TrafficManagementServiceTest" time="0.0"/>
  <testcase name="testUpdateTrafficDensityWithDataProvider[TS010, 20](3)" classname="com.city.service.TrafficManagementServiceTest" time="0.0"/>
  <testcase name="testUpdateTrafficDensityWithEmptyString" classname="com.city.service.TrafficManagementServiceTest" time="0.0"/>
  <testcase name="testUpdateTrafficDensityWithNegativeDensity" classname="com.city.service.TrafficManagementServiceTest" time="0.0"/>
  <testcase name="testUpdateTrafficDensityWithNonExistingSensor" classname="com.city.service.TrafficManagementServiceTest" time="0.0"/>
  <testcase name="testUpdateTrafficDensityWithNull" classname="com.city.service.TrafficManagementServiceTest" time="0.0"/>
  <testcase name="testDetectAnomalies" classname="com.city.service.UtilityMonitoringServiceTest" time="0.0"/>
  <testcase name="testDetectAnomaliesWhereNoAnomalies" classname="com.city.service.UtilityMonitoringServiceTest" time="0.0"/>
  <testcase name="testDetectAnomaliesWithNegativeThreshold" classname="com.city.service.UtilityMonitoringServiceTest" time="0.0"/>
  <testcase name="testGenerateBill[PROP002, ELECTRICITY](1)" classname="com.city.service.UtilityMonitoringServiceTest" time="0.003"/>
  <testcase name="testGenerateBill[PROP002, GAS](2)" classname="com.city.service.UtilityMonitoringServiceTest" time="0.0"/>
  <testcase name="testGenerateBill[PROP005, ELECTRICITY](3)" classname="com.city.service.UtilityMonitoringServiceTest" time="0.0"/>
  <testcase name="testGenerateBill[PROP005, WATER](4)" classname="com.city.service.UtilityMonitoringServiceTest" time="0.0"/>
  <testcase name="testGenerateBillNoMeterForUtilityType" classname="com.city.service.UtilityMonitoringServiceTest" time="0.0"/>
  <testcase name="testGenerateBillWithEmptyPropertyId" classname="com.city.service.UtilityMonitoringServiceTest" time="0.0"/>
  <testcase name="testGenerateBillWithNonExistentProperty" classname="com.city.service.UtilityMonitoringServiceTest" time="0.0"/>
  <testcase name="testGenerateBillWithNullPropertyId" classname="com.city.service.UtilityMonitoringServiceTest" time="0.0"/>
  <testcase name="testGenerateBillWithNullUtilityType" classname="com.city.service.UtilityMonitoringServiceTest" time="0.001"/>
  <testcase name="testRecordUtilityConsumption[UM002, 1000.25](1)" classname="com.city.service.UtilityMonitoringServiceTest" time="0.003"/>
  <testcase name="testRecordUtilityConsumption[UM004, 407.55](2)" classname="com.city.service.UtilityMonitoringServiceTest" time="0.0"/>
  <testcase name="testRecordUtilityConsumption[UM007, 821.08](3)" classname="com.city.service.UtilityMonitoringServiceTest" time="0.0"/>
  <testcase name="testRecordUtilityConsumption[UM011, 381.17](4)" classname="com.city.service.UtilityMonitoringServiceTest" time="0.0"/>
  <testcase name="testRecordUtilityConsumptionForInvalidData[null, 1000.0](1)" classname="com.city.service.UtilityMonitoringServiceTest" time="0.0"/>
  <testcase name="testRecordUtilityConsumptionForInvalidData[, 1000.0](2)" classname="com.city.service.UtilityMonitoringServiceTest" time="0.0"/>
  <testcase name="testRecordUtilityConsumptionForInvalidData[UM001, -100.0](3)" classname="com.city.service.UtilityMonitoringServiceTest" time="0.0"/>
  <testcase name="testRecordUtilityConsumptionForInvalidData[UM001, 1000.0](4)" classname="com.city.service.UtilityMonitoringServiceTest" time="0.0"/>
  <testcase name="testRecordUtilityConsumptionForInvalidData[INVALID, 1000.0](5)" classname="com.city.service.UtilityMonitoringServiceTest" time="0.0"/>
  <testcase name="testRecordUtilityConsumptionWithEmptyString" classname="com.city.service.UtilityMonitoringServiceTest" time="0.001"/>
  <testcase name="testRecordUtilityConsumptionWithLessReading" classname="com.city.service.UtilityMonitoringServiceTest" time="0.0"/>
  <testcase name="testRecordUtilityConsumptionWithNegativeReading" classname="com.city.service.UtilityMonitoringServiceTest" time="0.0"/>
  <testcase name="testRecordUtilityConsumptionWithNull" classname="com.city.service.UtilityMonitoringServiceTest" time="0.0"/>
  <testcase name="testRecordUtilityConsumptionWithSameReading" classname="com.city.service.UtilityMonitoringServiceTest" time="0.0"/>
  <testcase name="testRecordUtilityConsumptionWithWrongMeter" classname="com.city.service.UtilityMonitoringServiceTest" time="0.001"/>
</testsuite>