<?xml version="1.0" encoding="UTF-8"?>
<!-- Generated by org.testng.reporters.JUnitXMLReporter -->
<testsuite ignored="0" hostname="DESKTOP-TO96F33" failures="0" tests="8" name="Default test" time="0.12" errors="0" timestamp="2025-10-07T12:44:50 IST">
  <testcase classname="com.city.service.AnalyticsServiceTest" name="testGenerateEmergencyReport" time="0.009"/>
  <testcase classname="com.city.service.AnalyticsServiceTest" name="testGenerateEmergencyReport_NoData" time="0.001"/>
  <testcase classname="com.city.service.AnalyticsServiceTest" name="testGenerateTrafficReport" time="0.004"/>
  <testcase classname="com.city.service.AnalyticsServiceTest" name="testGenerateTrafficReportWithNoData" time="0.001"/>
  <testcase classname="com.city.service.AnalyticsServiceTest" name="testGenerateUtilityConsumptionReport" time="0.001"/>
  <testcase classname="com.city.service.AnalyticsServiceTest" name="testGenerateUtilityConsumptionReportWithNoData" time="0.003"/>
  <testcase classname="com.city.service.AnalyticsServiceTest" name="testGetComplaintStatistics" time="0.002"/>
  <testcase classname="com.city.service.AnalyticsServiceTest" name="testGetComplaintStatisticsWithNoData" time="0.001"/>
</testsuite> <!-- Default test -->
