<?xml version="1.0" encoding="UTF-8"?>
<!-- Generated by org.testng.reporters.JUnitXMLReporter -->
<testsuite ignored="0" hostname="DESKTOP-TO96F33" failures="0" tests="104" name="Surefire test" time="0.217" errors="0" timestamp="2025-10-07T14:59:05 IST">
  <testcase classname="com.city.service.AnalyticsServiceTest" name="testGenerateEmergencyReport" time="0.005"/>
  <testcase classname="com.city.service.AnalyticsServiceTest" name="testGenerateEmergencyReport_NoData" time="0.001"/>
  <testcase classname="com.city.service.AnalyticsServiceTest" name="testGenerateTrafficReport" time="0.0"/>
  <testcase classname="com.city.service.AnalyticsServiceTest" name="testGenerateTrafficReportWithNoData" time="0.001"/>
  <testcase classname="com.city.service.AnalyticsServiceTest" name="testGenerateUtilityConsumptionReport" time="0.0"/>
  <testcase classname="com.city.service.AnalyticsServiceTest" name="testGenerateUtilityConsumptionReportWithNoData" time="0.001"/>
  <testcase classname="com.city.service.AnalyticsServiceTest" name="testGetComplaintStatistics" time="0.001"/>
  <testcase classname="com.city.service.AnalyticsServiceTest" name="testGetComplaintStatisticsWithNoData" time="0.0"/>
  <testcase classname="com.city.service.ComplaintServiceTest" name="testComplaintIdAutoGeneration" time="0.0"/>
  <testcase classname="com.city.service.ComplaintServiceTest" name="testGetComplaintsByPriority" time="0.0"/>
  <testcase classname="com.city.service.ComplaintServiceTest" name="testGetComplaintsByPriorityWithNullPriority" time="0.001"/>
  <testcase classname="com.city.service.ComplaintServiceTest" name="testRegisterComplaint" time="0.007"/>
  <testcase classname="com.city.service.ComplaintServiceTest" name="testRegisterComplaint" time="0.0"/>
  <testcase classname="com.city.service.ComplaintServiceTest" name="testRegisterComplaint" time="0.0"/>
  <testcase classname="com.city.service.ComplaintServiceTest" name="testRegisterComplaint" time="0.0"/>
  <testcase classname="com.city.service.ComplaintServiceTest" name="testRegisterComplaintWithEmptyCitizenId" time="0.001"/>
  <testcase classname="com.city.service.ComplaintServiceTest" name="testRegisterComplaintWithEmptyDescription" time="0.0"/>
  <testcase classname="com.city.service.ComplaintServiceTest" name="testRegisterComplaintWithInvalidData" time="0.001"/>
  <testcase classname="com.city.service.ComplaintServiceTest" name="testRegisterComplaintWithInvalidData" time="0.0"/>
  <testcase classname="com.city.service.ComplaintServiceTest" name="testRegisterComplaintWithInvalidData" time="0.0"/>
  <testcase classname="com.city.service.ComplaintServiceTest" name="testRegisterComplaintWithInvalidData" time="0.0"/>
  <testcase classname="com.city.service.ComplaintServiceTest" name="testRegisterComplaintWithInvalidData" time="0.0"/>
  <testcase classname="com.city.service.ComplaintServiceTest" name="testRegisterComplaintWithInvalidData" time="0.0"/>
  <testcase classname="com.city.service.ComplaintServiceTest" name="testRegisterComplaintWithInvalidData" time="0.0"/>
  <testcase classname="com.city.service.ComplaintServiceTest" name="testRegisterComplaintWithNonExistentCitizen" time="0.0"/>
  <testcase classname="com.city.service.ComplaintServiceTest" name="testRegisterComplaintWithNullCategory" time="0.0"/>
  <testcase classname="com.city.service.ComplaintServiceTest" name="testRegisterComplaintWithNullCitizenId" time="0.0"/>
  <testcase classname="com.city.service.ComplaintServiceTest" name="testRegisterComplaintWithNullDescription" time="0.0"/>
  <testcase classname="com.city.service.ComplaintServiceTest" name="testRegisterComplaintWithNullPriority" time="0.0"/>
  <testcase classname="com.city.service.ComplaintServiceTest" name="testUpdateComplaintStatus" time="0.001"/>
  <testcase classname="com.city.service.ComplaintServiceTest" name="testUpdateComplaintStatus" time="0.0"/>
  <testcase classname="com.city.service.ComplaintServiceTest" name="testUpdateComplaintStatus" time="0.0"/>
  <testcase classname="com.city.service.ComplaintServiceTest" name="testUpdateComplaintStatus" time="0.001"/>
  <testcase classname="com.city.service.ComplaintServiceTest" name="testUpdateComplaintStatus" time="0.0"/>
  <testcase classname="com.city.service.ComplaintServiceTest" name="testUpdateComplaintStatus" time="0.0"/>
  <testcase classname="com.city.service.ComplaintServiceTest" name="testUpdateComplaintStatus" time="0.001"/>
  <testcase classname="com.city.service.ComplaintServiceTest" name="testUpdateComplaintStatus" time="0.0"/>
  <testcase classname="com.city.service.ComplaintServiceTest" name="testUpdateComplaintStatus" time="0.0"/>
  <testcase classname="com.city.service.ComplaintServiceTest" name="testUpdateComplaintStatus" time="0.0"/>
  <testcase classname="com.city.service.ComplaintServiceTest" name="testUpdateComplaintStatusWithEmptyComplaintId" time="0.0"/>
  <testcase classname="com.city.service.ComplaintServiceTest" name="testUpdateComplaintStatusWithNonExistentComplaint" time="0.0"/>
  <testcase classname="com.city.service.ComplaintServiceTest" name="testUpdateComplaintStatusWithNullStatus" time="0.0"/>
  <testcase classname="com.city.service.ComplaintServiceTest" name="testUpdateComplaintStatus_NullComplaintId_ThrowsException" time="0.0"/>
  <testcase classname="com.city.service.EmergencyServiceTest" name="testDispatchEmergencyService" time="0.0"/>
  <testcase classname="com.city.service.EmergencyServiceTest" name="testDispatchEmergencyServiceForAlreadyResolvedAlert" time="0.0"/>
  <testcase classname="com.city.service.EmergencyServiceTest" name="testDispatchEmergencyServiceForNonExistentAlert" time="0.0"/>
  <testcase classname="com.city.service.EmergencyServiceTest" name="testDispatchEmergencyServiceWithEmptyAlertId" time="0.001"/>
  <testcase classname="com.city.service.EmergencyServiceTest" name="testDispatchEmergencyServiceWithNullAlertId" time="0.0"/>
  <testcase classname="com.city.service.EmergencyServiceTest" name="testGetActiveEmergencies" time="0.0"/>
  <testcase classname="com.city.service.EmergencyServiceTest" name="testGetEmergenciesByStatus" time="0.0"/>
  <testcase classname="com.city.service.EmergencyServiceTest" name="testRaiseEmergencyAlert" time="0.0"/>
  <testcase classname="com.city.service.EmergencyServiceTest" name="testRaiseEmergencyAlertForHighSeverityCapacityExceeded" time="0.0"/>
  <testcase classname="com.city.service.EmergencyServiceTest" name="testRaiseEmergencyAlertWithEmptyLocation" time="0.0"/>
  <testcase classname="com.city.service.EmergencyServiceTest" name="testRaiseEmergencyAlertWithNullLocation" time="0.0"/>
  <testcase classname="com.city.service.EmergencyServiceTest" name="testRaiseEmergencyAlertWithNullSeverity" time="0.0"/>
  <testcase classname="com.city.service.EmergencyServiceTest" name="testRaiseEmergencyAlertWithNullType" time="0.0"/>
  <testcase classname="com.city.service.EmergencyServiceTest" name="testRaiseEmergencyAlert_InvalidData_ThrowsException" time="0.003"/>
  <testcase classname="com.city.service.EmergencyServiceTest" name="testRaiseEmergencyAlert_InvalidData_ThrowsException" time="0.001"/>
  <testcase classname="com.city.service.EmergencyServiceTest" name="testRaiseEmergencyAlert_InvalidData_ThrowsException" time="0.001"/>
  <testcase classname="com.city.service.EmergencyServiceTest" name="testRaiseEmergencyAlert_InvalidData_ThrowsException" time="0.0"/>
  <testcase classname="com.city.service.TrafficManagementServiceTest" name="testHighTrafficAreas" time="0.0"/>
  <testcase classname="com.city.service.TrafficManagementServiceTest" name="testHighTrafficAreasForInactiveSensor" time="0.0"/>
  <testcase classname="com.city.service.TrafficManagementServiceTest" name="testHighTrafficAreasWithNegativeThreshold" time="0.0"/>
  <testcase classname="com.city.service.TrafficManagementServiceTest" name="testOptimizeTrafficSignal" time="0.001"/>
  <testcase classname="com.city.service.TrafficManagementServiceTest" name="testOptimizeTrafficSignalForInactiveArea" time="0.0"/>
  <testcase classname="com.city.service.TrafficManagementServiceTest" name="testOptimizeTrafficSignalWithEmptyString" time="0.0"/>
  <testcase classname="com.city.service.TrafficManagementServiceTest" name="testOptimizeTrafficSignalWithNull" time="0.0"/>
  <testcase classname="com.city.service.TrafficManagementServiceTest" name="testOptimizeTrafficSignalWithWrongArea" time="0.0"/>
  <testcase classname="com.city.service.TrafficManagementServiceTest" name="testUpdateTrafficDensity" time="0.001"/>
  <testcase classname="com.city.service.TrafficManagementServiceTest" name="testUpdateTrafficDensityForInactiveSensor" time="0.0"/>
  <testcase classname="com.city.service.TrafficManagementServiceTest" name="testUpdateTrafficDensityWithDataProvider" time="0.002"/>
  <testcase classname="com.city.service.TrafficManagementServiceTest" name="testUpdateTrafficDensityWithDataProvider" time="0.0"/>
  <testcase classname="com.city.service.TrafficManagementServiceTest" name="testUpdateTrafficDensityWithDataProvider" time="0.0"/>
  <testcase classname="com.city.service.TrafficManagementServiceTest" name="testUpdateTrafficDensityWithEmptyString" time="0.0"/>
  <testcase classname="com.city.service.TrafficManagementServiceTest" name="testUpdateTrafficDensityWithNegativeDensity" time="0.0"/>
  <testcase classname="com.city.service.TrafficManagementServiceTest" name="testUpdateTrafficDensityWithNonExistingSensor" time="0.0"/>
  <testcase classname="com.city.service.TrafficManagementServiceTest" name="testUpdateTrafficDensityWithNull" time="0.001"/>
  <testcase classname="com.city.service.UtilityMonitoringServiceTest" name="testDetectAnomalies" time="0.0"/>
  <testcase classname="com.city.service.UtilityMonitoringServiceTest" name="testDetectAnomaliesWhereNoAnomalies" time="0.0"/>
  <testcase classname="com.city.service.UtilityMonitoringServiceTest" name="testDetectAnomaliesWithNegativeThreshold" time="0.001"/>
  <testcase classname="com.city.service.UtilityMonitoringServiceTest" name="testGenerateBill" time="0.003"/>
  <testcase classname="com.city.service.UtilityMonitoringServiceTest" name="testGenerateBill" time="0.0"/>
  <testcase classname="com.city.service.UtilityMonitoringServiceTest" name="testGenerateBill" time="0.0"/>
  <testcase classname="com.city.service.UtilityMonitoringServiceTest" name="testGenerateBill" time="0.0"/>
  <testcase classname="com.city.service.UtilityMonitoringServiceTest" name="testGenerateBillNoMeterForUtilityType" time="0.0"/>
  <testcase classname="com.city.service.UtilityMonitoringServiceTest" name="testGenerateBillWithEmptyPropertyId" time="0.0"/>
  <testcase classname="com.city.service.UtilityMonitoringServiceTest" name="testGenerateBillWithNonExistentProperty" time="0.0"/>
  <testcase classname="com.city.service.UtilityMonitoringServiceTest" name="testGenerateBillWithNullPropertyId" time="0.0"/>
  <testcase classname="com.city.service.UtilityMonitoringServiceTest" name="testGenerateBillWithNullUtilityType" time="0.0"/>
  <testcase classname="com.city.service.UtilityMonitoringServiceTest" name="testRecordUtilityConsumption" time="0.003"/>
  <testcase classname="com.city.service.UtilityMonitoringServiceTest" name="testRecordUtilityConsumption" time="0.0"/>
  <testcase classname="com.city.service.UtilityMonitoringServiceTest" name="testRecordUtilityConsumption" time="0.0"/>
  <testcase classname="com.city.service.UtilityMonitoringServiceTest" name="testRecordUtilityConsumption" time="0.0"/>
  <testcase classname="com.city.service.UtilityMonitoringServiceTest" name="testRecordUtilityConsumptionForInvalidData" time="0.0"/>
  <testcase classname="com.city.service.UtilityMonitoringServiceTest" name="testRecordUtilityConsumptionForInvalidData" time="0.0"/>
  <testcase classname="com.city.service.UtilityMonitoringServiceTest" name="testRecordUtilityConsumptionForInvalidData" time="0.0"/>
  <testcase classname="com.city.service.UtilityMonitoringServiceTest" name="testRecordUtilityConsumptionForInvalidData" time="0.0"/>
  <testcase classname="com.city.service.UtilityMonitoringServiceTest" name="testRecordUtilityConsumptionForInvalidData" time="0.001"/>
  <testcase classname="com.city.service.UtilityMonitoringServiceTest" name="testRecordUtilityConsumptionWithEmptyString" time="0.0"/>
  <testcase classname="com.city.service.UtilityMonitoringServiceTest" name="testRecordUtilityConsumptionWithLessReading" time="0.0"/>
  <testcase classname="com.city.service.UtilityMonitoringServiceTest" name="testRecordUtilityConsumptionWithNegativeReading" time="0.0"/>
  <testcase classname="com.city.service.UtilityMonitoringServiceTest" name="testRecordUtilityConsumptionWithNull" time="0.001"/>
  <testcase classname="com.city.service.UtilityMonitoringServiceTest" name="testRecordUtilityConsumptionWithSameReading" time="0.001"/>
  <testcase classname="com.city.service.UtilityMonitoringServiceTest" name="testRecordUtilityConsumptionWithWrongMeter" time="0.0"/>
</testsuite> <!-- Surefire test -->
