<?xml version="1.0" encoding="UTF-8"?>
<testng-results ignored="0" total="8" passed="8" failed="0" skipped="0">
  <reporter-output>
  </reporter-output>
  <suite started-at="2025-10-07T12:44:50 IST" name="Default suite" finished-at="2025-10-07T12:44:50 IST" duration-ms="120">
    <groups>
    </groups>
    <test started-at="2025-10-07T12:44:50 IST" name="Default test" finished-at="2025-10-07T12:44:50 IST" duration-ms="120">
      <class name="com.city.service.AnalyticsServiceTest">
        <test-method is-config="true" signature="setUp()[pri:0, instance:com.city.service.AnalyticsServiceTest@49e53c76]" started-at="2025-10-07T12:44:50 IST" name="setUp" finished-at="2025-10-07T12:44:50 IST" duration-ms="29" status="PASS">
          <reporter-output>
          </reporter-output>
        </test-method> <!-- setUp -->
        <test-method signature="testGenerateEmergencyReport()[pri:0, instance:com.city.service.AnalyticsServiceTest@49e53c76]" started-at="2025-10-07T12:44:50 IST" name="testGenerateEmergencyReport" finished-at="2025-10-07T12:44:50 IST" duration-ms="9" status="PASS">
          <reporter-output>
          </reporter-output>
        </test-method> <!-- testGenerateEmergencyReport -->
        <test-method is-config="true" signature="setUp()[pri:0, instance:com.city.service.AnalyticsServiceTest@49e53c76]" started-at="2025-10-07T12:44:50 IST" name="setUp" finished-at="2025-10-07T12:44:50 IST" duration-ms="0" status="PASS">
          <reporter-output>
          </reporter-output>
        </test-method> <!-- setUp -->
        <test-method signature="testGenerateEmergencyReport_NoData()[pri:0, instance:com.city.service.AnalyticsServiceTest@49e53c76]" started-at="2025-10-07T12:44:50 IST" name="testGenerateEmergencyReport_NoData" finished-at="2025-10-07T12:44:50 IST" duration-ms="1" status="PASS">
          <reporter-output>
          </reporter-output>
        </test-method> <!-- testGenerateEmergencyReport_NoData -->
        <test-method is-config="true" signature="setUp()[pri:0, instance:com.city.service.AnalyticsServiceTest@49e53c76]" started-at="2025-10-07T12:44:50 IST" name="setUp" finished-at="2025-10-07T12:44:50 IST" duration-ms="0" status="PASS">
          <reporter-output>
          </reporter-output>
        </test-method> <!-- setUp -->
        <test-method signature="testGenerateTrafficReport()[pri:0, instance:com.city.service.AnalyticsServiceTest@49e53c76]" started-at="2025-10-07T12:44:50 IST" name="testGenerateTrafficReport" finished-at="2025-10-07T12:44:50 IST" duration-ms="4" status="PASS">
          <reporter-output>
          </reporter-output>
        </test-method> <!-- testGenerateTrafficReport -->
        <test-method is-config="true" signature="setUp()[pri:0, instance:com.city.service.AnalyticsServiceTest@49e53c76]" started-at="2025-10-07T12:44:50 IST" name="setUp" finished-at="2025-10-07T12:44:50 IST" duration-ms="0" status="PASS">
          <reporter-output>
          </reporter-output>
        </test-method> <!-- setUp -->
        <test-method signature="testGenerateTrafficReportWithNoData()[pri:0, instance:com.city.service.AnalyticsServiceTest@49e53c76]" started-at="2025-10-07T12:44:50 IST" name="testGenerateTrafficReportWithNoData" finished-at="2025-10-07T12:44:50 IST" duration-ms="1" status="PASS">
          <reporter-output>
          </reporter-output>
        </test-method> <!-- testGenerateTrafficReportWithNoData -->
        <test-method is-config="true" signature="setUp()[pri:0, instance:com.city.service.AnalyticsServiceTest@49e53c76]" started-at="2025-10-07T12:44:50 IST" name="setUp" finished-at="2025-10-07T12:44:50 IST" duration-ms="1" status="PASS">
          <reporter-output>
          </reporter-output>
        </test-method> <!-- setUp -->
        <test-method signature="testGenerateUtilityConsumptionReport()[pri:0, instance:com.city.service.AnalyticsServiceTest@49e53c76]" started-at="2025-10-07T12:44:50 IST" name="testGenerateUtilityConsumptionReport" finished-at="2025-10-07T12:44:50 IST" duration-ms="1" status="PASS">
          <reporter-output>
          </reporter-output>
        </test-method> <!-- testGenerateUtilityConsumptionReport -->
        <test-method is-config="true" signature="setUp()[pri:0, instance:com.city.service.AnalyticsServiceTest@49e53c76]" started-at="2025-10-07T12:44:50 IST" name="setUp" finished-at="2025-10-07T12:44:50 IST" duration-ms="1" status="PASS">
          <reporter-output>
          </reporter-output>
        </test-method> <!-- setUp -->
        <test-method signature="testGenerateUtilityConsumptionReportWithNoData()[pri:0, instance:com.city.service.AnalyticsServiceTest@49e53c76]" started-at="2025-10-07T12:44:50 IST" name="testGenerateUtilityConsumptionReportWithNoData" finished-at="2025-10-07T12:44:50 IST" duration-ms="3" status="PASS">
          <reporter-output>
          </reporter-output>
        </test-method> <!-- testGenerateUtilityConsumptionReportWithNoData -->
        <test-method signature="testGetComplaintStatistics()[pri:0, instance:com.city.service.AnalyticsServiceTest@49e53c76]" started-at="2025-10-07T12:44:50 IST" name="testGetComplaintStatistics" finished-at="2025-10-07T12:44:50 IST" duration-ms="2" status="PASS">
          <reporter-output>
          </reporter-output>
        </test-method> <!-- testGetComplaintStatistics -->
        <test-method is-config="true" signature="setUp()[pri:0, instance:com.city.service.AnalyticsServiceTest@49e53c76]" started-at="2025-10-07T12:44:50 IST" name="setUp" finished-at="2025-10-07T12:44:50 IST" duration-ms="0" status="PASS">
          <reporter-output>
          </reporter-output>
        </test-method> <!-- setUp -->
        <test-method is-config="true" signature="setUp()[pri:0, instance:com.city.service.AnalyticsServiceTest@49e53c76]" started-at="2025-10-07T12:44:50 IST" name="setUp" finished-at="2025-10-07T12:44:50 IST" duration-ms="1" status="PASS">
          <reporter-output>
          </reporter-output>
        </test-method> <!-- setUp -->
        <test-method signature="testGetComplaintStatisticsWithNoData()[pri:0, instance:com.city.service.AnalyticsServiceTest@49e53c76]" started-at="2025-10-07T12:44:50 IST" name="testGetComplaintStatisticsWithNoData" finished-at="2025-10-07T12:44:50 IST" duration-ms="1" status="PASS">
          <reporter-output>
          </reporter-output>
        </test-method> <!-- testGetComplaintStatisticsWithNoData -->
      </class> <!-- com.city.service.AnalyticsServiceTest -->
    </test> <!-- Default test -->
  </suite> <!-- Default suite -->
</testng-results>
