<?xml version="1.0" encoding="UTF-8"?>
<!-- Generated by org.testng.reporters.JUnitXMLReporter -->
<testsuite ignored="0" hostname="DESKTOP-TO96F33" failures="0" tests="6" name="Checkout Tests" time="2.257" errors="0" timestamp="2025-10-07T23:02:01 IST">
  <testcase classname="tests.CheckoutTest" name="verifyFormIsDisplayed" time="0.0">
    <skipped/>
  </testcase> <!-- verifyFormIsDisplayed -->
  <testcase classname="tests.CheckoutTest" name="verifyPaymentFailsWithBothEmpty" time="0.0">
    <skipped/>
  </testcase> <!-- verifyPaymentFailsWithBothEmpty -->
  <testcase classname="tests.CheckoutTest" name="verifyPaymentFailsWithEmptyEmail" time="0.0">
    <skipped/>
  </testcase> <!-- verifyPaymentFailsWithEmptyEmail -->
  <testcase classname="tests.CheckoutTest" name="verifyPaymentFailsWithEmptyName" time="0.0">
    <skipped/>
  </testcase> <!-- verifyPaymentFailsWithEmptyName -->
  <testcase classname="tests.CheckoutTest" name="verifyPaymentFailsWithInvalidEmail" time="0.0">
    <skipped/>
  </testcase> <!-- verifyPaymentFailsWithInvalidEmail -->
  <testcase classname="tests.CheckoutTest" name="verifySuccessfulPayment" time="0.0">
    <skipped/>
  </testcase> <!-- verifySuccessfulPayment -->
</testsuite> <!-- Checkout Tests -->
