<?xml version="1.0" encoding="UTF-8"?>
<!-- Generated by org.testng.reporters.JUnitXMLReporter -->
<testsuite ignored="0" hostname="DESKTOP-TO96F33" failures="0" tests="6" name="Default test" time="60.021" errors="0" timestamp="2025-10-09T23:29:45 IST">
  <testcase classname="tests.CheckoutTest" name="verifyFormIsDisplayed" time="0.046"/>
  <testcase classname="tests.CheckoutTest" name="verifyPaymentFailsWithBothEmpty" time="10.482"/>
  <testcase classname="tests.CheckoutTest" name="verifyPaymentFailsWithEmptyEmail" time="10.719"/>
  <testcase classname="tests.CheckoutTest" name="verifyPaymentFailsWithEmptyName" time="10.513"/>
  <testcase classname="tests.CheckoutTest" name="verifyPaymentFailsWithInvalidEmail" time="10.616"/>
  <testcase classname="tests.CheckoutTest" name="verifySuccessfulPayment" time="0.995"/>
</testsuite> <!-- Default test -->
